<?xml version="1.0" encoding="UTF-8"?>
<robot generator="Robot 7.1.1 (Python 3.12.4 on win32)" generated="2024-11-02T09:28:53.307548" rpa="false" schemaversion="5">
<suite id="s1" name="Crud.Tests" source="I:\documentos\Politécnico JIC\Semestre7_2024_2\PruebasYGestionDeLaConfiguracion\ProPruebas\Testing\RobotFramework\tests\crud.tests.robot">
<kw name="Connect To Database" owner="DatabaseLibrary" type="SETUP">
<msg time="2024-11-02T09:28:54.150827" level="INFO">Looking for configuration file: 'resources\db.cfg'</msg>
<msg time="2024-11-02T09:28:54.150827" level="INFO">Configuration file doesn't exist</msg>
<msg time="2024-11-02T09:28:54.159830" level="INFO">Connect to DB using : psycopg2.connect(database='ProPruebas', user='ProPruebas', password=***, host='localhost', port=5432)</msg>
<arg>psycopg2</arg>
<arg>${DBName}</arg>
<arg>${DBUser}</arg>
<arg>${DBPass}</arg>
<arg>${DBHost}</arg>
<arg>${DBPort}</arg>
<doc>Creates a database connection using the DB API 2.0 ``db_module`` and the parameters provided.
Along with listed commonly used arguments (`db_name`, `db_host` etc.)
you can set any other DB module specific parameters as key/value pairs.</doc>
<status status="PASS" start="2024-11-02T09:28:54.150827" elapsed="0.043010"/>
</kw>
<test id="s1-t1" name="Crear usuarios" line="26">
<kw name="API get calling" owner="crud.res">
<kw name="Call Get Request" owner="Zoomba.APILibrary">
<msg time="2024-11-02T09:28:54.194836" level="INFO">Creating Session using : alias=getapi, url=http://localhost:3000/api, headers={'Content-Type': 'application/json', 'charset': 'UTF-8', 'Authorization': 'Bearer eyJhbGciOiJIUzI1NiIsInR5cCI6IkpXVCJ9.eyJ1c2VyTmFtZSI6IklzYWNjb3IyIiwibml0IjoiMTIzNDU2Nzg5MCIsImlhdCI6MTcyOTgxMjkxNH0.K-VQr-gt94iPm2EB-695JG0BVm-B1kjwvsUeQk1N90I'},                     cookies=None, auth=None, timeout=None, proxies=None, verify=False,                     debug=0 </msg>
<msg time="2024-11-02T09:28:54.229439" level="INFO">GET Request : url=http://localhost:3000/api/person 
 path_url=/api/person 
 headers={'User-Agent': 'python-requests/2.32.3', 'Accept-Encoding': 'gzip, deflate', 'Accept': '*/*', 'Connection': 'keep-alive', 'Content-Type': 'application/json', 'charset': 'UTF-8', 'Authorization': 'Bearer eyJhbGciOiJIUzI1NiIsInR5cCI6IkpXVCJ9.eyJ1c2VyTmFtZSI6IklzYWNjb3IyIiwibml0IjoiMTIzNDU2Nzg5MCIsImlhdCI6MTcyOTgxMjkxNH0.K-VQr-gt94iPm2EB-695JG0BVm-B1kjwvsUeQk1N90I'} 
 body=None 
 </msg>
<msg time="2024-11-02T09:28:54.230442" level="INFO">GET Response : url=http://localhost:3000/api/person 
 status=200, reason=OK 
 headers={'X-Powered-By': 'Express', 'Access-Control-Allow-Origin': '*', 'Content-Type': 'application/json; charset=utf-8', 'Content-Length': '350', 'ETag': 'W/"15e-Pvi7FljeFb15ihTgp+ftBUIp6iw"', 'Date': 'Sat, 02 Nov 2024 14:28:54 GMT', 'Connection': 'keep-alive', 'Keep-Alive': 'timeout=5'} 
 body=[{"nit":"4444444444","firstName":"admin","middleName":"","lastName1":"admin","lastName2":"admin","birthdate":"2000-02-04","phoneNumber":"3145351114","email":"admin@gmail.com","userName":"Admipro1","password":"$2b$12$T8mLMvd1SgLJSTKKVvbDeuYfnRqyg/9BLSlhC81H2sTk8sFnkvWba","createdAt":"2024-11-02T14:26:44.319Z","updatedAt":"2024-11-02T14:26:44.319Z"}] 
 </msg>
<msg time="2024-11-02T09:28:54.279452" level="INFO">${resp} = {'apparent_encoding': 'utf-8', 'close': &lt;bound method Response.close of &lt;Response [200]&gt;&gt;, 'connection': &lt;requests.adapters.HTTPAdapter object at 0x000002514686A750&gt;, 'content': b'[{"nit":"4444444444"...</msg>
<var>${resp}</var>
<arg>${HEADERS}</arg>
<arg>${API_URL}</arg>
<arg>/person</arg>
<doc>Generate a GET Request. This Keyword is basically a wrapper for get_request from the RequestsLibrary.</doc>
<status status="PASS" start="2024-11-02T09:28:54.194836" elapsed="0.084616"/>
</kw>
<kw name="Should Be Equal As Integers" owner="BuiltIn">
<msg time="2024-11-02T09:28:54.280392" level="INFO">Argument types are:
&lt;class 'int'&gt;
&lt;class 'str'&gt;</msg>
<arg>${resp}[status_code]</arg>
<arg>200</arg>
<doc>Fails if objects are unequal after converting them to integers.</doc>
<status status="PASS" start="2024-11-02T09:28:54.280392" elapsed="0.000000"/>
</kw>
<status status="PASS" start="2024-11-02T09:28:54.194836" elapsed="0.085556"/>
</kw>
<kw name="Query" owner="DatabaseLibrary">
<msg time="2024-11-02T09:28:54.281395" level="INFO" html="true">Executing sql:&lt;br&gt;&lt;code style="font-weight: bold;"&gt;SELECT * FROM public."People" where nit = '4444444444';&lt;/code&gt;</msg>
<msg time="2024-11-02T09:28:54.283396" level="INFO" html="true">&lt;div style="max-width: 100%; overflow-x: auto;"&gt;&lt;table style="width: auto; border-collapse: collapse; border: 2px solid rgb(140 140 140)"&gt;&lt;caption style="text-align: left; font-weight: bold; padding: 5px;"&gt;Query returned 1 rows&lt;/caption&gt;&lt;tr&gt;&lt;th scope="col" style="background-color: #d6ecd4; border: 1px solid rgb(160 160 160);padding: 8px 10px;text-align: center;"&gt;Row&lt;/th&gt;&lt;th scope="col" style="background-color: #505050; color: #fff;border: 1px solid rgb(160 160 160);padding: 8px 10px;text-align: center;"&gt;nit&lt;/th&gt;&lt;th scope="col" style="background-color: #505050; color: #fff;border: 1px solid rgb(160 160 160);padding: 8px 10px;text-align: center;"&gt;firstName&lt;/th&gt;&lt;th scope="col" style="background-color: #505050; color: #fff;border: 1px solid rgb(160 160 160);padding: 8px 10px;text-align: center;"&gt;middleName&lt;/th&gt;&lt;th scope="col" style="background-color: #505050; color: #fff;border: 1px solid rgb(160 160 160);padding: 8px 10px;text-align: center;"&gt;lastName1&lt;/th&gt;&lt;th scope="col" style="background-color: #505050; color: #fff;border: 1px solid rgb(160 160 160);padding: 8px 10px;text-align: center;"&gt;lastName2&lt;/th&gt;&lt;th scope="col" style="background-color: #505050; color: #fff;border: 1px solid rgb(160 160 160);padding: 8px 10px;text-align: center;"&gt;birthdate&lt;/th&gt;&lt;th scope="col" style="background-color: #505050; color: #fff;border: 1px solid rgb(160 160 160);padding: 8px 10px;text-align: center;"&gt;phoneNumber&lt;/th&gt;&lt;th scope="col" style="background-color: #505050; color: #fff;border: 1px solid rgb(160 160 160);padding: 8px 10px;text-align: center;"&gt;email&lt;/th&gt;&lt;th scope="col" style="background-color: #505050; color: #fff;border: 1px solid rgb(160 160 160);padding: 8px 10px;text-align: center;"&gt;userName&lt;/th&gt;&lt;th scope="col" style="background-color: #505050; color: #fff;border: 1px solid rgb(160 160 160);padding: 8px 10px;text-align: center;"&gt;password&lt;/th&gt;&lt;th scope="col" style="background-color: #505050; color: #fff;border: 1px solid rgb(160 160 160);padding: 8px 10px;text-align: center;"&gt;createdAt&lt;/th&gt;&lt;th scope="col" style="background-color: #505050; color: #fff;border: 1px solid rgb(160 160 160);padding: 8px 10px;text-align: center;"&gt;updatedAt&lt;/th&gt;&lt;/tr&gt;&lt;tr style="background-color: #eee;"&gt;&lt;th scope="row" style="background-color: #d6ecd4;border: 1px solid rgb(160 160 160);padding: 8px 10px;text-align: center;"&gt;0&lt;/th&gt;&lt;td style="border: 1px solid rgb(160 160 160);padding: 8px 10px;text-align: center;"&gt;4444444444&lt;/td&gt;&lt;td style="border: 1px solid rgb(160 160 160);padding: 8px 10px;text-align: center;"&gt;admin&lt;/td&gt;&lt;td style="border: 1px solid rgb(160 160 160);padding: 8px 10px;text-align: center;"&gt;&lt;/td&gt;&lt;td style="border: 1px solid rgb(160 160 160);padding: 8px 10px;text-align: center;"&gt;admin&lt;/td&gt;&lt;td style="border: 1px solid rgb(160 160 160);padding: 8px 10px;text-align: center;"&gt;admin&lt;/td&gt;&lt;td style="border: 1px solid rgb(160 160 160);padding: 8px 10px;text-align: center;"&gt;2000-02-04&lt;/td&gt;&lt;td style="border: 1px solid rgb(160 160 160);padding: 8px 10px;text-align: center;"&gt;3145351114&lt;/td&gt;&lt;td style="border: 1px solid rgb(160 160 160);padding: 8px 10px;text-align: center;"&gt;admin@gmail.com&lt;/td&gt;&lt;td style="border: 1px solid rgb(160 160 160);padding: 8px 10px;text-align: center;"&gt;Admipro1&lt;/td&gt;&lt;td style="border: 1px solid rgb(160 160 160);padding: 8px 10px;text-align: center;"&gt;$2b$12$T8mLMvd1SgLJSTKKVvbDeuYfnRqyg/9BLSlhC81H2sTk8sFnkvWba&lt;/td&gt;&lt;td style="border: 1px solid rgb(160 160 160);padding: 8px 10px;text-align: center;"&gt;2024-11-02 09:26:44.319000-05:00&lt;/td&gt;&lt;td style="border: 1px solid rgb(160 160 160);padding: 8px 10px;text-align: center;"&gt;2024-11-02 09:26:44.319000-05:00&lt;/td&gt;&lt;/tr&gt;&lt;/table&gt;&lt;/div&gt;</msg>
<msg time="2024-11-02T09:28:54.284396" level="INFO">${admin} = [{'nit': '4444444444', 'firstName': 'admin', 'middleName': '', 'lastName1': 'admin', 'lastName2': 'admin', 'birthdate': datetime.date(2000, 2, 4), 'phoneNumber': '3145351114', 'email': 'admin@gmail.co...</msg>
<var>${admin}</var>
<arg>SELECT * FROM public."People" where nit = '4444444444';</arg>
<arg>\</arg>
<arg>True</arg>
<doc>Runs a query with the ``select_statement`` and returns the result as list of rows.
The type of row values depends on the database module -
usually they are tuples or tuple-like objects.</doc>
<status status="PASS" start="2024-11-02T09:28:54.281395" elapsed="0.003001"/>
</kw>
<kw name="Query" owner="DatabaseLibrary">
<msg time="2024-11-02T09:28:54.285396" level="INFO" html="true">Executing sql:&lt;br&gt;&lt;code style="font-weight: bold;"&gt;SELECT * FROM public."TestUsers" where "testCase" = 'create' and happy = true;&lt;/code&gt;</msg>
<msg time="2024-11-02T09:28:54.285396" level="INFO" html="true">&lt;div style="max-width: 100%; overflow-x: auto;"&gt;&lt;table style="width: auto; border-collapse: collapse; border: 2px solid rgb(140 140 140)"&gt;&lt;caption style="text-align: left; font-weight: bold; padding: 5px;"&gt;Query returned 3 rows&lt;/caption&gt;&lt;tr&gt;&lt;th scope="col" style="background-color: #d6ecd4; border: 1px solid rgb(160 160 160);padding: 8px 10px;text-align: center;"&gt;Row&lt;/th&gt;&lt;th scope="col" style="background-color: #505050; color: #fff;border: 1px solid rgb(160 160 160);padding: 8px 10px;text-align: center;"&gt;id&lt;/th&gt;&lt;th scope="col" style="background-color: #505050; color: #fff;border: 1px solid rgb(160 160 160);padding: 8px 10px;text-align: center;"&gt;testCase&lt;/th&gt;&lt;th scope="col" style="background-color: #505050; color: #fff;border: 1px solid rgb(160 160 160);padding: 8px 10px;text-align: center;"&gt;happy&lt;/th&gt;&lt;th scope="col" style="background-color: #505050; color: #fff;border: 1px solid rgb(160 160 160);padding: 8px 10px;text-align: center;"&gt;nit&lt;/th&gt;&lt;th scope="col" style="background-color: #505050; color: #fff;border: 1px solid rgb(160 160 160);padding: 8px 10px;text-align: center;"&gt;firstName&lt;/th&gt;&lt;th scope="col" style="background-color: #505050; color: #fff;border: 1px solid rgb(160 160 160);padding: 8px 10px;text-align: center;"&gt;middleName&lt;/th&gt;&lt;th scope="col" style="background-color: #505050; color: #fff;border: 1px solid rgb(160 160 160);padding: 8px 10px;text-align: center;"&gt;lastName1&lt;/th&gt;&lt;th scope="col" style="background-color: #505050; color: #fff;border: 1px solid rgb(160 160 160);padding: 8px 10px;text-align: center;"&gt;lastName2&lt;/th&gt;&lt;th scope="col" style="background-color: #505050; color: #fff;border: 1px solid rgb(160 160 160);padding: 8px 10px;text-align: center;"&gt;birthdate&lt;/th&gt;&lt;th scope="col" style="background-color: #505050; color: #fff;border: 1px solid rgb(160 160 160);padding: 8px 10px;text-align: center;"&gt;phoneNumber&lt;/th&gt;&lt;th scope="col" style="background-color: #505050; color: #fff;border: 1px solid rgb(160 160 160);padding: 8px 10px;text-align: center;"&gt;email&lt;/th&gt;&lt;th scope="col" style="background-color: #505050; color: #fff;border: 1px solid rgb(160 160 160);padding: 8px 10px;text-align: center;"&gt;userName&lt;/th&gt;&lt;th scope="col" style="background-color: #505050; color: #fff;border: 1px solid rgb(160 160 160);padding: 8px 10px;text-align: center;"&gt;password&lt;/th&gt;&lt;th scope="col" style="background-color: #505050; color: #fff;border: 1px solid rgb(160 160 160);padding: 8px 10px;text-align: center;"&gt;createdAt&lt;/th&gt;&lt;th scope="col" style="background-color: #505050; color: #fff;border: 1px solid rgb(160 160 160);padding: 8px 10px;text-align: center;"&gt;updatedAt&lt;/th&gt;&lt;/tr&gt;&lt;tr style="background-color: #eee;"&gt;&lt;th scope="row" style="background-color: #d6ecd4;border: 1px solid rgb(160 160 160);padding: 8px 10px;text-align: center;"&gt;0&lt;/th&gt;&lt;td style="border: 1px solid rgb(160 160 160);padding: 8px 10px;text-align: center;"&gt;2&lt;/td&gt;&lt;td style="border: 1px solid rgb(160 160 160);padding: 8px 10px;text-align: center;"&gt;create&lt;/td&gt;&lt;td style="border: 1px solid rgb(160 160 160);padding: 8px 10px;text-align: center;"&gt;True&lt;/td&gt;&lt;td style="border: 1px solid rgb(160 160 160);padding: 8px 10px;text-align: center;"&gt;1234567890&lt;/td&gt;&lt;td style="border: 1px solid rgb(160 160 160);padding: 8px 10px;text-align: center;"&gt;isac&lt;/td&gt;&lt;td style="border: 1px solid rgb(160 160 160);padding: 8px 10px;text-align: center;"&gt;&lt;/td&gt;&lt;td style="border: 1px solid rgb(160 160 160);padding: 8px 10px;text-align: center;"&gt;cortes&lt;/td&gt;&lt;td style="border: 1px solid rgb(160 160 160);padding: 8px 10px;text-align: center;"&gt;buitrago&lt;/td&gt;&lt;td style="border: 1px solid rgb(160 160 160);padding: 8px 10px;text-align: center;"&gt;2000-02-04&lt;/td&gt;&lt;td style="border: 1px solid rgb(160 160 160);padding: 8px 10px;text-align: center;"&gt;3145351114&lt;/td&gt;&lt;td style="border: 1px solid rgb(160 160 160);padding: 8px 10px;text-align: center;"&gt;isac@gmail.com&lt;/td&gt;&lt;td style="border: 1px solid rgb(160 160 160);padding: 8px 10px;text-align: center;"&gt;Isaccor3&lt;/td&gt;&lt;td style="border: 1px solid rgb(160 160 160);padding: 8px 10px;text-align: center;"&gt;P@ssw0rd&lt;/td&gt;&lt;td style="border: 1px solid rgb(160 160 160);padding: 8px 10px;text-align: center;"&gt;2024-11-02 09:26:44.085000-05:00&lt;/td&gt;&lt;td style="border: 1px solid rgb(160 160 160);padding: 8px 10px;text-align: center;"&gt;2024-11-02 09:26:44.085000-05:00&lt;/td&gt;&lt;/tr&gt;&lt;tr&gt;&lt;th scope="row" style="background-color: #d6ecd4;border: 1px solid rgb(160 160 160);padding: 8px 10px;text-align: center;"&gt;1&lt;/th&gt;&lt;td style="border: 1px solid rgb(160 160 160);padding: 8px 10px;text-align: center;"&gt;3&lt;/td&gt;&lt;td style="border: 1px solid rgb(160 160 160);padding: 8px 10px;text-align: center;"&gt;create&lt;/td&gt;&lt;td style="border: 1px solid rgb(160 160 160);padding: 8px 10px;text-align: center;"&gt;True&lt;/td&gt;&lt;td style="border: 1px solid rgb(160 160 160);padding: 8px 10px;text-align: center;"&gt;1987654321&lt;/td&gt;&lt;td style="border: 1px solid rgb(160 160 160);padding: 8px 10px;text-align: center;"&gt;Juan&lt;/td&gt;&lt;td style="border: 1px solid rgb(160 160 160);padding: 8px 10px;text-align: center;"&gt;&lt;/td&gt;&lt;td style="border: 1px solid rgb(160 160 160);padding: 8px 10px;text-align: center;"&gt;Estrada&lt;/td&gt;&lt;td style="border: 1px solid rgb(160 160 160);padding: 8px 10px;text-align: center;"&gt;Velez&lt;/td&gt;&lt;td style="border: 1px solid rgb(160 160 160);padding: 8px 10px;text-align: center;"&gt;2001-02-04&lt;/td&gt;&lt;td style="border: 1px solid rgb(160 160 160);padding: 8px 10px;text-align: center;"&gt;3100243256&lt;/td&gt;&lt;td style="border: 1px solid rgb(160 160 160);padding: 8px 10px;text-align: center;"&gt;juan@gmail.com&lt;/td&gt;&lt;td style="border: 1px solid rgb(160 160 160);padding: 8px 10px;text-align: center;"&gt;Juanest9&lt;/td&gt;&lt;td style="border: 1px solid rgb(160 160 160);padding: 8px 10px;text-align: center;"&gt;P@ssw0rd&lt;/td&gt;&lt;td style="border: 1px solid rgb(160 160 160);padding: 8px 10px;text-align: center;"&gt;2024-11-02 09:26:44.085000-05:00&lt;/td&gt;&lt;td style="border: 1px solid rgb(160 160 160);padding: 8px 10px;text-align: center;"&gt;2024-11-02 09:26:44.085000-05:00&lt;/td&gt;&lt;/tr&gt;&lt;tr style="background-color: #eee;"&gt;&lt;th scope="row" style="background-color: #d6ecd4;border: 1px solid rgb(160 160 160);padding: 8px 10px;text-align: center;"&gt;2&lt;/th&gt;&lt;td style="border: 1px solid rgb(160 160 160);padding: 8px 10px;text-align: center;"&gt;4&lt;/td&gt;&lt;td style="border: 1px solid rgb(160 160 160);padding: 8px 10px;text-align: center;"&gt;create&lt;/td&gt;&lt;td style="border: 1px solid rgb(160 160 160);padding: 8px 10px;text-align: center;"&gt;True&lt;/td&gt;&lt;td style="border: 1px solid rgb(160 160 160);padding: 8px 10px;text-align: center;"&gt;1111111111&lt;/td&gt;&lt;td style="border: 1px solid rgb(160 160 160);padding: 8px 10px;text-align: center;"&gt;pedro&lt;/td&gt;&lt;td style="border: 1px solid rgb(160 160 160);padding: 8px 10px;text-align: center;"&gt;&lt;/td&gt;&lt;td style="border: 1px solid rgb(160 160 160);padding: 8px 10px;text-align: center;"&gt;sanchez&lt;/td&gt;&lt;td style="border: 1px solid rgb(160 160 160);padding: 8px 10px;text-align: center;"&gt;perez&lt;/td&gt;&lt;td style="border: 1px solid rgb(160 160 160);padding: 8px 10px;text-align: center;"&gt;2004-01-06&lt;/td&gt;&lt;td style="border: 1px solid rgb(160 160 160);padding: 8px 10px;text-align: center;"&gt;3564695783&lt;/td&gt;&lt;td style="border: 1px solid rgb(160 160 160);padding: 8px 10px;text-align: center;"&gt;pedro@gmail.com&lt;/td&gt;&lt;td style="border: 1px solid rgb(160 160 160);padding: 8px 10px;text-align: center;"&gt;Pedrosa0&lt;/td&gt;&lt;td style="border: 1px solid rgb(160 160 160);padding: 8px 10px;text-align: center;"&gt;P@ssw0rd&lt;/td&gt;&lt;td style="border: 1px solid rgb(160 160 160);padding: 8px 10px;text-align: center;"&gt;2024-11-02 09:26:44.085000-05:00&lt;/td&gt;&lt;td style="border: 1px solid rgb(160 160 160);padding: 8px 10px;text-align: center;"&gt;2024-11-02 09:26:44.085000-05:00&lt;/td&gt;&lt;/tr&gt;&lt;/table&gt;&lt;/div&gt;</msg>
<msg time="2024-11-02T09:28:54.286397" level="INFO">${people} = [{'id': 2, 'testCase': 'create', 'happy': True, 'nit': '1234567890', 'firstName': 'isac', 'middleName': '', 'lastName1': 'cortes', 'lastName2': 'buitrago', 'birthdate': datetime.date(2000, 2, 4), 'pho...</msg>
<var>${people}</var>
<arg>SELECT * FROM public."TestUsers" where "testCase" = 'create' and happy = true;</arg>
<arg>\</arg>
<arg>True</arg>
<doc>Runs a query with the ``select_statement`` and returns the result as list of rows.
The type of row values depends on the database module -
usually they are tuples or tuple-like objects.</doc>
<status status="PASS" start="2024-11-02T09:28:54.284396" elapsed="0.002001"/>
</kw>
<kw name="Open Browser" owner="SeleniumLibrary">
<msg time="2024-11-02T09:28:54.286397" level="INFO">Opening browser 'chrome' to base url 'http://localhost:4200/'.</msg>
<arg>${PAGE_URL}</arg>
<arg>chrome</arg>
<doc>Opens a new browser instance to the optional ``url``.</doc>
<status status="PASS" start="2024-11-02T09:28:54.286397" elapsed="1.572826"/>
</kw>
<kw name="Sleep" owner="BuiltIn">
<msg time="2024-11-02T09:28:57.860309" level="INFO">Slept 2 seconds.</msg>
<arg>2s</arg>
<doc>Pauses the test executed for the given time.</doc>
<status status="PASS" start="2024-11-02T09:28:55.860223" elapsed="2.000086"/>
</kw>
<kw name="Login" owner="crud.res">
<kw name="Wait Until Element Is Visible" owner="SeleniumLibrary">
<arg>xpath=//*[@id="username"]</arg>
<doc>Waits until the element ``locator`` is visible.</doc>
<status status="PASS" start="2024-11-02T09:28:57.861309" elapsed="0.016005"/>
</kw>
<kw name="Input Text" owner="SeleniumLibrary">
<msg time="2024-11-02T09:28:57.877314" level="INFO">Typing text 'Admipro1' into text field 'xpath=//*[@id="username"]'.</msg>
<arg>xpath=//*[@id="username"]</arg>
<arg>${username}</arg>
<doc>Types the given ``text`` into the text field identified by ``locator``.</doc>
<status status="PASS" start="2024-11-02T09:28:57.877314" elapsed="0.092021"/>
</kw>
<kw name="Sleep" owner="BuiltIn">
<msg time="2024-11-02T09:28:58.969764" level="INFO">Slept 1 second.</msg>
<arg>1s</arg>
<doc>Pauses the test executed for the given time.</doc>
<status status="PASS" start="2024-11-02T09:28:57.969335" elapsed="1.000429"/>
</kw>
<kw name="Wait Until Element Is Visible" owner="SeleniumLibrary">
<arg>xpath=//*[@id="password"]</arg>
<doc>Waits until the element ``locator`` is visible.</doc>
<status status="PASS" start="2024-11-02T09:28:58.969764" elapsed="0.018006"/>
</kw>
<kw name="Input Text" owner="SeleniumLibrary">
<msg time="2024-11-02T09:28:58.987770" level="INFO">Typing text 'P@ssw0rd' into text field 'xpath=//*[@id="password"]'.</msg>
<arg>xpath=//*[@id="password"]</arg>
<arg>${password}</arg>
<doc>Types the given ``text`` into the text field identified by ``locator``.</doc>
<status status="PASS" start="2024-11-02T09:28:58.987770" elapsed="0.065013"/>
</kw>
<kw name="Sleep" owner="BuiltIn">
<msg time="2024-11-02T09:29:00.054489" level="INFO">Slept 1 second.</msg>
<arg>1s</arg>
<doc>Pauses the test executed for the given time.</doc>
<status status="PASS" start="2024-11-02T09:28:59.053783" elapsed="1.000706"/>
</kw>
<kw name="Click Button" owner="SeleniumLibrary">
<msg time="2024-11-02T09:29:00.054489" level="INFO">Clicking button 'xpath=//*[@id="btnLogin"]'.</msg>
<arg>xpath=//*[@id="btnLogin"]</arg>
<doc>Clicks the button identified by ``locator``.</doc>
<status status="PASS" start="2024-11-02T09:29:00.054489" elapsed="0.046011"/>
</kw>
<kw name="Sleep" owner="BuiltIn">
<msg time="2024-11-02T09:29:01.100802" level="INFO">Slept 1 second.</msg>
<arg>1s</arg>
<doc>Pauses the test executed for the given time.</doc>
<status status="PASS" start="2024-11-02T09:29:00.100500" elapsed="1.000302"/>
</kw>
<kw name="Page Should Contain" owner="SeleniumLibrary">
<msg time="2024-11-02T09:29:01.109805" level="INFO">Current page contains text 'Welcome!'.</msg>
<arg>Welcome!</arg>
<doc>Verifies that current page contains ``text``.</doc>
<status status="PASS" start="2024-11-02T09:29:01.100802" elapsed="0.009003"/>
</kw>
<arg>${admin[0]}[userName]</arg>
<arg>${USER_PASSWORD}</arg>
<status status="PASS" start="2024-11-02T09:28:57.860309" elapsed="3.249496"/>
</kw>
<for flavor="IN">
<iter>
<kw name="Wait Until Element Is Visible" owner="SeleniumLibrary">
<arg>xpath=//*[@id="btnOp2"]</arg>
<doc>Waits until the element ``locator`` is visible.</doc>
<status status="PASS" start="2024-11-02T09:29:01.110806" elapsed="0.012003"/>
</kw>
<kw name="Click Button" owner="SeleniumLibrary">
<msg time="2024-11-02T09:29:01.123808" level="INFO">Clicking button 'xpath=//*[@id="btnOp2"]'.</msg>
<arg>xpath=//*[@id="btnOp2"]</arg>
<doc>Clicks the button identified by ``locator``.</doc>
<status status="PASS" start="2024-11-02T09:29:01.122809" elapsed="0.052010"/>
</kw>
<kw name="Wait Until Element Is Visible" owner="SeleniumLibrary">
<arg>xpath=//*[@id="nit"]</arg>
<doc>Waits until the element ``locator`` is visible.</doc>
<status status="PASS" start="2024-11-02T09:29:01.174819" elapsed="0.014003"/>
</kw>
<kw name="Input Text" owner="SeleniumLibrary">
<msg time="2024-11-02T09:29:01.189822" level="INFO">Typing text '1234567890' into text field 'xpath=//*[@id="nit"]'.</msg>
<arg>xpath=//*[@id="nit"]</arg>
<arg>${person}[nit]</arg>
<doc>Types the given ``text`` into the text field identified by ``locator``.</doc>
<status status="PASS" start="2024-11-02T09:29:01.188822" elapsed="0.079582"/>
</kw>
<kw name="Sleep" owner="BuiltIn">
<msg time="2024-11-02T09:29:02.268754" level="INFO">Slept 1 second.</msg>
<arg>1s</arg>
<doc>Pauses the test executed for the given time.</doc>
<status status="PASS" start="2024-11-02T09:29:01.268404" elapsed="1.000350"/>
</kw>
<kw name="Input Text" owner="SeleniumLibrary">
<msg time="2024-11-02T09:29:02.269358" level="INFO">Typing text 'isac' into text field 'xpath=//*[@id="fistName"]'.</msg>
<arg>xpath=//*[@id="fistName"]</arg>
<arg>${person}[firstName]</arg>
<doc>Types the given ``text`` into the text field identified by ``locator``.</doc>
<status status="PASS" start="2024-11-02T09:29:02.268754" elapsed="0.055302"/>
</kw>
<kw name="Sleep" owner="BuiltIn">
<msg time="2024-11-02T09:29:03.324735" level="INFO">Slept 1 second.</msg>
<arg>1s</arg>
<doc>Pauses the test executed for the given time.</doc>
<status status="PASS" start="2024-11-02T09:29:02.324056" elapsed="1.000679"/>
</kw>
<kw name="Input Text" owner="SeleniumLibrary">
<msg time="2024-11-02T09:29:03.324735" level="INFO">Typing text '' into text field 'xpath=//*[@id="middleName"]'.</msg>
<arg>xpath=//*[@id="middleName"]</arg>
<arg>${person}[middleName]</arg>
<doc>Types the given ``text`` into the text field identified by ``locator``.</doc>
<status status="PASS" start="2024-11-02T09:29:03.324735" elapsed="0.048011"/>
</kw>
<kw name="Sleep" owner="BuiltIn">
<msg time="2024-11-02T09:29:04.373784" level="INFO">Slept 1 second.</msg>
<arg>1s</arg>
<doc>Pauses the test executed for the given time.</doc>
<status status="PASS" start="2024-11-02T09:29:03.372746" elapsed="1.001038"/>
</kw>
<kw name="Input Text" owner="SeleniumLibrary">
<msg time="2024-11-02T09:29:04.373784" level="INFO">Typing text 'cortes' into text field 'xpath=//*[@id="lastName1"]'.</msg>
<arg>xpath=//*[@id="lastName1"]</arg>
<arg>${person}[lastName1]</arg>
<doc>Types the given ``text`` into the text field identified by ``locator``.</doc>
<status status="PASS" start="2024-11-02T09:29:04.373784" elapsed="0.059013"/>
</kw>
<kw name="Sleep" owner="BuiltIn">
<msg time="2024-11-02T09:29:05.434486" level="INFO">Slept 1 second.</msg>
<arg>1s</arg>
<doc>Pauses the test executed for the given time.</doc>
<status status="PASS" start="2024-11-02T09:29:04.432797" elapsed="1.001689"/>
</kw>
<kw name="Input Text" owner="SeleniumLibrary">
<msg time="2024-11-02T09:29:05.434486" level="INFO">Typing text 'buitrago' into text field 'xpath=//*[@id="lastName2"]'.</msg>
<arg>xpath=//*[@id="lastName2"]</arg>
<arg>${person}[lastName2]</arg>
<doc>Types the given ``text`` into the text field identified by ``locator``.</doc>
<status status="PASS" start="2024-11-02T09:29:05.434486" elapsed="0.072015"/>
</kw>
<kw name="Sleep" owner="BuiltIn">
<msg time="2024-11-02T09:29:06.507626" level="INFO">Slept 1 second.</msg>
<arg>1s</arg>
<doc>Pauses the test executed for the given time.</doc>
<status status="PASS" start="2024-11-02T09:29:05.507503" elapsed="1.000123"/>
</kw>
<kw name="Convert Date" owner="DateTime">
<msg time="2024-11-02T09:29:06.507626" level="INFO">${date_string} = 02-04-2000</msg>
<var>${date_string}</var>
<arg>${person}[birthdate]</arg>
<arg>result_format=%m-%d-%Y</arg>
<doc>Converts between supported `date formats`.</doc>
<status status="PASS" start="2024-11-02T09:29:06.507626" elapsed="0.000000"/>
</kw>
<kw name="Split String" owner="String">
<msg time="2024-11-02T09:29:06.507626" level="INFO">@{date_parts} = [ 02 | 04 | 2000 ]</msg>
<var>@{date_parts}</var>
<arg>${date_string}</arg>
<arg>-</arg>
<doc>Splits the ``string`` using ``separator`` as a delimiter string.</doc>
<status status="PASS" start="2024-11-02T09:29:06.507626" elapsed="0.000000"/>
</kw>
<kw name="Evaluate" owner="BuiltIn">
<msg time="2024-11-02T09:29:06.508627" level="INFO">${joined_date} = 02042000</msg>
<var>${joined_date}</var>
<arg>''.join(${date_parts})</arg>
<doc>Evaluates the given expression in Python and returns the result.</doc>
<status status="PASS" start="2024-11-02T09:29:06.508627" elapsed="0.000000"/>
</kw>
<kw name="Input Text" owner="SeleniumLibrary">
<msg time="2024-11-02T09:29:06.508627" level="INFO">Typing text '02042000' into text field 'xpath=//*[@id="birthday"]'.</msg>
<arg>xpath=//*[@id="birthday"]</arg>
<arg>${joined_date}</arg>
<doc>Types the given ``text`` into the text field identified by ``locator``.</doc>
<status status="PASS" start="2024-11-02T09:29:06.508627" elapsed="0.058014"/>
</kw>
<kw name="Sleep" owner="BuiltIn">
<msg time="2024-11-02T09:29:07.566824" level="INFO">Slept 1 second.</msg>
<arg>1s</arg>
<doc>Pauses the test executed for the given time.</doc>
<status status="PASS" start="2024-11-02T09:29:06.566641" elapsed="1.000183"/>
</kw>
<kw name="Input Text" owner="SeleniumLibrary">
<msg time="2024-11-02T09:29:07.566824" level="INFO">Typing text '3145351114' into text field 'xpath=//*[@id="phoneNumber"]'.</msg>
<arg>xpath=//*[@id="phoneNumber"]</arg>
<arg>${person}[phoneNumber]</arg>
<doc>Types the given ``text`` into the text field identified by ``locator``.</doc>
<status status="PASS" start="2024-11-02T09:29:07.566824" elapsed="0.077017"/>
</kw>
<kw name="Sleep" owner="BuiltIn">
<msg time="2024-11-02T09:29:08.645823" level="INFO">Slept 1 second.</msg>
<arg>1s</arg>
<doc>Pauses the test executed for the given time.</doc>
<status status="PASS" start="2024-11-02T09:29:07.644841" elapsed="1.000982"/>
</kw>
<kw name="Input Text" owner="SeleniumLibrary">
<msg time="2024-11-02T09:29:08.645823" level="INFO">Typing text 'isac@gmail.com' into text field 'xpath=//*[@id="email"]'.</msg>
<arg>xpath=//*[@id="email"]</arg>
<arg>${person}[email]</arg>
<doc>Types the given ``text`` into the text field identified by ``locator``.</doc>
<status status="PASS" start="2024-11-02T09:29:08.645823" elapsed="0.086020"/>
</kw>
<kw name="Sleep" owner="BuiltIn">
<msg time="2024-11-02T09:29:09.732324" level="INFO">Slept 1 second.</msg>
<arg>1s</arg>
<doc>Pauses the test executed for the given time.</doc>
<status status="PASS" start="2024-11-02T09:29:08.731843" elapsed="1.000481"/>
</kw>
<kw name="Click Button" owner="SeleniumLibrary">
<msg time="2024-11-02T09:29:09.732324" level="INFO">Clicking button 'xpath=//*[@id="btnCreate"]'.</msg>
<arg>xpath=//*[@id="btnCreate"]</arg>
<doc>Clicks the button identified by ``locator``.</doc>
<status status="PASS" start="2024-11-02T09:29:09.732324" elapsed="0.044010"/>
</kw>
<kw name="Wait Until Element Is Visible" owner="SeleniumLibrary">
<arg>xpath=//*[@id="createSuccess"]</arg>
<doc>Waits until the element ``locator`` is visible.</doc>
<status status="PASS" start="2024-11-02T09:29:09.777334" elapsed="0.427101"/>
</kw>
<kw name="Element Should Be Visible" owner="SeleniumLibrary">
<msg time="2024-11-02T09:29:10.214436" level="INFO">Element 'xpath=//*[@id="createSuccess"]' is displayed.</msg>
<arg>xpath=//*[@id="createSuccess"]</arg>
<doc>Verifies that the element identified by ``locator`` is visible.</doc>
<status status="PASS" start="2024-11-02T09:29:10.204435" elapsed="0.010001"/>
</kw>
<kw name="Sleep" owner="BuiltIn">
<msg time="2024-11-02T09:29:13.216364" level="INFO">Slept 3 seconds.</msg>
<arg>3s</arg>
<doc>Pauses the test executed for the given time.</doc>
<status status="PASS" start="2024-11-02T09:29:10.214436" elapsed="3.001928"/>
</kw>
<var name="${person}">{'id': 2, 'testCase': 'create', 'happy': True, 'nit': '1234567890', 'firstName': 'isac', 'middleName': '', 'lastName1': 'cortes', 'lastName2': 'buitrago', 'birthdate': datetime.date(2000, 2, 4), 'phon...</var>
<status status="PASS" start="2024-11-02T09:29:01.110806" elapsed="12.105558"/>
</iter>
<iter>
<kw name="Wait Until Element Is Visible" owner="SeleniumLibrary">
<arg>xpath=//*[@id="btnOp2"]</arg>
<doc>Waits until the element ``locator`` is visible.</doc>
<status status="PASS" start="2024-11-02T09:29:13.216364" elapsed="0.009002"/>
</kw>
<kw name="Click Button" owner="SeleniumLibrary">
<msg time="2024-11-02T09:29:13.226367" level="INFO">Clicking button 'xpath=//*[@id="btnOp2"]'.</msg>
<arg>xpath=//*[@id="btnOp2"]</arg>
<doc>Clicks the button identified by ``locator``.</doc>
<status status="PASS" start="2024-11-02T09:29:13.225366" elapsed="0.036006"/>
</kw>
<kw name="Wait Until Element Is Visible" owner="SeleniumLibrary">
<arg>xpath=//*[@id="nit"]</arg>
<doc>Waits until the element ``locator`` is visible.</doc>
<status status="PASS" start="2024-11-02T09:29:13.261893" elapsed="0.009256"/>
</kw>
<kw name="Input Text" owner="SeleniumLibrary">
<msg time="2024-11-02T09:29:13.272152" level="INFO">Typing text '1987654321' into text field 'xpath=//*[@id="nit"]'.</msg>
<arg>xpath=//*[@id="nit"]</arg>
<arg>${person}[nit]</arg>
<doc>Types the given ``text`` into the text field identified by ``locator``.</doc>
<status status="PASS" start="2024-11-02T09:29:13.272152" elapsed="0.064014"/>
</kw>
<kw name="Sleep" owner="BuiltIn">
<msg time="2024-11-02T09:29:14.337377" level="INFO">Slept 1 second.</msg>
<arg>1s</arg>
<doc>Pauses the test executed for the given time.</doc>
<status status="PASS" start="2024-11-02T09:29:13.336166" elapsed="1.001211"/>
</kw>
<kw name="Input Text" owner="SeleniumLibrary">
<msg time="2024-11-02T09:29:14.337377" level="INFO">Typing text 'Juan' into text field 'xpath=//*[@id="fistName"]'.</msg>
<arg>xpath=//*[@id="fistName"]</arg>
<arg>${person}[firstName]</arg>
<doc>Types the given ``text`` into the text field identified by ``locator``.</doc>
<status status="PASS" start="2024-11-02T09:29:14.337377" elapsed="0.067016"/>
</kw>
<kw name="Sleep" owner="BuiltIn">
<msg time="2024-11-02T09:29:15.405236" level="INFO">Slept 1 second.</msg>
<arg>1s</arg>
<doc>Pauses the test executed for the given time.</doc>
<status status="PASS" start="2024-11-02T09:29:14.404393" elapsed="1.000843"/>
</kw>
<kw name="Input Text" owner="SeleniumLibrary">
<msg time="2024-11-02T09:29:15.405236" level="INFO">Typing text '' into text field 'xpath=//*[@id="middleName"]'.</msg>
<arg>xpath=//*[@id="middleName"]</arg>
<arg>${person}[middleName]</arg>
<doc>Types the given ``text`` into the text field identified by ``locator``.</doc>
<status status="PASS" start="2024-11-02T09:29:15.405236" elapsed="0.047010"/>
</kw>
<kw name="Sleep" owner="BuiltIn">
<msg time="2024-11-02T09:29:16.452678" level="INFO">Slept 1 second.</msg>
<arg>1s</arg>
<doc>Pauses the test executed for the given time.</doc>
<status status="PASS" start="2024-11-02T09:29:15.452246" elapsed="1.000432"/>
</kw>
<kw name="Input Text" owner="SeleniumLibrary">
<msg time="2024-11-02T09:29:16.452678" level="INFO">Typing text 'Estrada' into text field 'xpath=//*[@id="lastName1"]'.</msg>
<arg>xpath=//*[@id="lastName1"]</arg>
<arg>${person}[lastName1]</arg>
<doc>Types the given ``text`` into the text field identified by ``locator``.</doc>
<status status="PASS" start="2024-11-02T09:29:16.452678" elapsed="0.086019"/>
</kw>
<kw name="Sleep" owner="BuiltIn">
<msg time="2024-11-02T09:29:17.540435" level="INFO">Slept 1 second.</msg>
<arg>1s</arg>
<doc>Pauses the test executed for the given time.</doc>
<status status="PASS" start="2024-11-02T09:29:16.539699" elapsed="1.000736"/>
</kw>
<kw name="Input Text" owner="SeleniumLibrary">
<msg time="2024-11-02T09:29:17.540435" level="INFO">Typing text 'Velez' into text field 'xpath=//*[@id="lastName2"]'.</msg>
<arg>xpath=//*[@id="lastName2"]</arg>
<arg>${person}[lastName2]</arg>
<doc>Types the given ``text`` into the text field identified by ``locator``.</doc>
<status status="PASS" start="2024-11-02T09:29:17.540435" elapsed="0.088925"/>
</kw>
<kw name="Sleep" owner="BuiltIn">
<msg time="2024-11-02T09:29:18.630672" level="INFO">Slept 1 second.</msg>
<arg>1s</arg>
<doc>Pauses the test executed for the given time.</doc>
<status status="PASS" start="2024-11-02T09:29:17.630361" elapsed="1.000311"/>
</kw>
<kw name="Convert Date" owner="DateTime">
<msg time="2024-11-02T09:29:18.630672" level="INFO">${date_string} = 02-04-2001</msg>
<var>${date_string}</var>
<arg>${person}[birthdate]</arg>
<arg>result_format=%m-%d-%Y</arg>
<doc>Converts between supported `date formats`.</doc>
<status status="PASS" start="2024-11-02T09:29:18.630672" elapsed="0.000000"/>
</kw>
<kw name="Split String" owner="String">
<msg time="2024-11-02T09:29:18.630672" level="INFO">@{date_parts} = [ 02 | 04 | 2001 ]</msg>
<var>@{date_parts}</var>
<arg>${date_string}</arg>
<arg>-</arg>
<doc>Splits the ``string`` using ``separator`` as a delimiter string.</doc>
<status status="PASS" start="2024-11-02T09:29:18.630672" elapsed="0.000000"/>
</kw>
<kw name="Evaluate" owner="BuiltIn">
<msg time="2024-11-02T09:29:18.631673" level="INFO">${joined_date} = 02042001</msg>
<var>${joined_date}</var>
<arg>''.join(${date_parts})</arg>
<doc>Evaluates the given expression in Python and returns the result.</doc>
<status status="PASS" start="2024-11-02T09:29:18.630672" elapsed="0.001001"/>
</kw>
<kw name="Input Text" owner="SeleniumLibrary">
<msg time="2024-11-02T09:29:18.631673" level="INFO">Typing text '02042001' into text field 'xpath=//*[@id="birthday"]'.</msg>
<arg>xpath=//*[@id="birthday"]</arg>
<arg>${joined_date}</arg>
<doc>Types the given ``text`` into the text field identified by ``locator``.</doc>
<status status="PASS" start="2024-11-02T09:29:18.631673" elapsed="0.045581"/>
</kw>
<kw name="Sleep" owner="BuiltIn">
<msg time="2024-11-02T09:29:19.679359" level="INFO">Slept 1 second.</msg>
<arg>1s</arg>
<doc>Pauses the test executed for the given time.</doc>
<status status="PASS" start="2024-11-02T09:29:18.677254" elapsed="1.002105"/>
</kw>
<kw name="Input Text" owner="SeleniumLibrary">
<msg time="2024-11-02T09:29:19.679359" level="INFO">Typing text '3100243256' into text field 'xpath=//*[@id="phoneNumber"]'.</msg>
<arg>xpath=//*[@id="phoneNumber"]</arg>
<arg>${person}[phoneNumber]</arg>
<doc>Types the given ``text`` into the text field identified by ``locator``.</doc>
<status status="PASS" start="2024-11-02T09:29:19.679359" elapsed="0.063015"/>
</kw>
<kw name="Sleep" owner="BuiltIn">
<msg time="2024-11-02T09:29:20.743869" level="INFO">Slept 1 second.</msg>
<arg>1s</arg>
<doc>Pauses the test executed for the given time.</doc>
<status status="PASS" start="2024-11-02T09:29:19.743374" elapsed="1.000495"/>
</kw>
<kw name="Input Text" owner="SeleniumLibrary">
<msg time="2024-11-02T09:29:20.743869" level="INFO">Typing text 'juan@gmail.com' into text field 'xpath=//*[@id="email"]'.</msg>
<arg>xpath=//*[@id="email"]</arg>
<arg>${person}[email]</arg>
<doc>Types the given ``text`` into the text field identified by ``locator``.</doc>
<status status="PASS" start="2024-11-02T09:29:20.743869" elapsed="0.084021"/>
</kw>
<kw name="Sleep" owner="BuiltIn">
<msg time="2024-11-02T09:29:21.828403" level="INFO">Slept 1 second.</msg>
<arg>1s</arg>
<doc>Pauses the test executed for the given time.</doc>
<status status="PASS" start="2024-11-02T09:29:20.827890" elapsed="1.000513"/>
</kw>
<kw name="Click Button" owner="SeleniumLibrary">
<msg time="2024-11-02T09:29:21.828403" level="INFO">Clicking button 'xpath=//*[@id="btnCreate"]'.</msg>
<arg>xpath=//*[@id="btnCreate"]</arg>
<doc>Clicks the button identified by ``locator``.</doc>
<status status="PASS" start="2024-11-02T09:29:21.828403" elapsed="0.033008"/>
</kw>
<kw name="Wait Until Element Is Visible" owner="SeleniumLibrary">
<arg>xpath=//*[@id="createSuccess"]</arg>
<doc>Waits until the element ``locator`` is visible.</doc>
<status status="PASS" start="2024-11-02T09:29:21.861411" elapsed="0.421094"/>
</kw>
<kw name="Element Should Be Visible" owner="SeleniumLibrary">
<msg time="2024-11-02T09:29:22.293507" level="INFO">Element 'xpath=//*[@id="createSuccess"]' is displayed.</msg>
<arg>xpath=//*[@id="createSuccess"]</arg>
<doc>Verifies that the element identified by ``locator`` is visible.</doc>
<status status="PASS" start="2024-11-02T09:29:22.283506" elapsed="0.010001"/>
</kw>
<kw name="Sleep" owner="BuiltIn">
<msg time="2024-11-02T09:29:25.294470" level="INFO">Slept 3 seconds.</msg>
<arg>3s</arg>
<doc>Pauses the test executed for the given time.</doc>
<status status="PASS" start="2024-11-02T09:29:22.293507" elapsed="3.000963"/>
</kw>
<var name="${person}">{'id': 3, 'testCase': 'create', 'happy': True, 'nit': '1987654321', 'firstName': 'Juan', 'middleName': '', 'lastName1': 'Estrada', 'lastName2': 'Velez', 'birthdate': datetime.date(2001, 2, 4), 'phoneN...</var>
<status status="PASS" start="2024-11-02T09:29:13.216364" elapsed="12.078106"/>
</iter>
<iter>
<kw name="Wait Until Element Is Visible" owner="SeleniumLibrary">
<arg>xpath=//*[@id="btnOp2"]</arg>
<doc>Waits until the element ``locator`` is visible.</doc>
<status status="PASS" start="2024-11-02T09:29:25.294470" elapsed="0.010004"/>
</kw>
<kw name="Click Button" owner="SeleniumLibrary">
<msg time="2024-11-02T09:29:25.304474" level="INFO">Clicking button 'xpath=//*[@id="btnOp2"]'.</msg>
<arg>xpath=//*[@id="btnOp2"]</arg>
<doc>Clicks the button identified by ``locator``.</doc>
<status status="PASS" start="2024-11-02T09:29:25.304474" elapsed="0.034008"/>
</kw>
<kw name="Wait Until Element Is Visible" owner="SeleniumLibrary">
<arg>xpath=//*[@id="nit"]</arg>
<doc>Waits until the element ``locator`` is visible.</doc>
<status status="PASS" start="2024-11-02T09:29:25.338482" elapsed="0.012001"/>
</kw>
<kw name="Input Text" owner="SeleniumLibrary">
<msg time="2024-11-02T09:29:25.351484" level="INFO">Typing text '1111111111' into text field 'xpath=//*[@id="nit"]'.</msg>
<arg>xpath=//*[@id="nit"]</arg>
<arg>${person}[nit]</arg>
<doc>Types the given ``text`` into the text field identified by ``locator``.</doc>
<status status="PASS" start="2024-11-02T09:29:25.350483" elapsed="0.065906"/>
</kw>
<kw name="Sleep" owner="BuiltIn">
<msg time="2024-11-02T09:29:26.417567" level="INFO">Slept 1 second.</msg>
<arg>1s</arg>
<doc>Pauses the test executed for the given time.</doc>
<status status="PASS" start="2024-11-02T09:29:25.417390" elapsed="1.000177"/>
</kw>
<kw name="Input Text" owner="SeleniumLibrary">
<msg time="2024-11-02T09:29:26.417567" level="INFO">Typing text 'pedro' into text field 'xpath=//*[@id="fistName"]'.</msg>
<arg>xpath=//*[@id="fistName"]</arg>
<arg>${person}[firstName]</arg>
<doc>Types the given ``text`` into the text field identified by ``locator``.</doc>
<status status="PASS" start="2024-11-02T09:29:26.417567" elapsed="0.079773"/>
</kw>
<kw name="Sleep" owner="BuiltIn">
<msg time="2024-11-02T09:29:27.497827" level="INFO">Slept 1 second.</msg>
<arg>1s</arg>
<doc>Pauses the test executed for the given time.</doc>
<status status="PASS" start="2024-11-02T09:29:26.497340" elapsed="1.000487"/>
</kw>
<kw name="Input Text" owner="SeleniumLibrary">
<msg time="2024-11-02T09:29:27.497827" level="INFO">Typing text '' into text field 'xpath=//*[@id="middleName"]'.</msg>
<arg>xpath=//*[@id="middleName"]</arg>
<arg>${person}[middleName]</arg>
<doc>Types the given ``text`` into the text field identified by ``locator``.</doc>
<status status="PASS" start="2024-11-02T09:29:27.497827" elapsed="0.046010"/>
</kw>
<kw name="Sleep" owner="BuiltIn">
<msg time="2024-11-02T09:29:28.544501" level="INFO">Slept 1 second.</msg>
<arg>1s</arg>
<doc>Pauses the test executed for the given time.</doc>
<status status="PASS" start="2024-11-02T09:29:27.543837" elapsed="1.000664"/>
</kw>
<kw name="Input Text" owner="SeleniumLibrary">
<msg time="2024-11-02T09:29:28.544501" level="INFO">Typing text 'sanchez' into text field 'xpath=//*[@id="lastName1"]'.</msg>
<arg>xpath=//*[@id="lastName1"]</arg>
<arg>${person}[lastName1]</arg>
<doc>Types the given ``text`` into the text field identified by ``locator``.</doc>
<status status="PASS" start="2024-11-02T09:29:28.544501" elapsed="0.070016"/>
</kw>
<kw name="Sleep" owner="BuiltIn">
<msg time="2024-11-02T09:29:29.615193" level="INFO">Slept 1 second.</msg>
<arg>1s</arg>
<doc>Pauses the test executed for the given time.</doc>
<status status="PASS" start="2024-11-02T09:29:28.614517" elapsed="1.000676"/>
</kw>
<kw name="Input Text" owner="SeleniumLibrary">
<msg time="2024-11-02T09:29:29.615193" level="INFO">Typing text 'perez' into text field 'xpath=//*[@id="lastName2"]'.</msg>
<arg>xpath=//*[@id="lastName2"]</arg>
<arg>${person}[lastName2]</arg>
<doc>Types the given ``text`` into the text field identified by ``locator``.</doc>
<status status="PASS" start="2024-11-02T09:29:29.615193" elapsed="0.070016"/>
</kw>
<kw name="Sleep" owner="BuiltIn">
<msg time="2024-11-02T09:29:30.686174" level="INFO">Slept 1 second.</msg>
<arg>1s</arg>
<doc>Pauses the test executed for the given time.</doc>
<status status="PASS" start="2024-11-02T09:29:29.685209" elapsed="1.000965"/>
</kw>
<kw name="Convert Date" owner="DateTime">
<msg time="2024-11-02T09:29:30.686174" level="INFO">${date_string} = 01-06-2004</msg>
<var>${date_string}</var>
<arg>${person}[birthdate]</arg>
<arg>result_format=%m-%d-%Y</arg>
<doc>Converts between supported `date formats`.</doc>
<status status="PASS" start="2024-11-02T09:29:30.686174" elapsed="0.000000"/>
</kw>
<kw name="Split String" owner="String">
<msg time="2024-11-02T09:29:30.686174" level="INFO">@{date_parts} = [ 01 | 06 | 2004 ]</msg>
<var>@{date_parts}</var>
<arg>${date_string}</arg>
<arg>-</arg>
<doc>Splits the ``string`` using ``separator`` as a delimiter string.</doc>
<status status="PASS" start="2024-11-02T09:29:30.686174" elapsed="0.000000"/>
</kw>
<kw name="Evaluate" owner="BuiltIn">
<msg time="2024-11-02T09:29:30.687174" level="INFO">${joined_date} = 01062004</msg>
<var>${joined_date}</var>
<arg>''.join(${date_parts})</arg>
<doc>Evaluates the given expression in Python and returns the result.</doc>
<status status="PASS" start="2024-11-02T09:29:30.687174" elapsed="0.000000"/>
</kw>
<kw name="Input Text" owner="SeleniumLibrary">
<msg time="2024-11-02T09:29:30.687174" level="INFO">Typing text '01062004' into text field 'xpath=//*[@id="birthday"]'.</msg>
<arg>xpath=//*[@id="birthday"]</arg>
<arg>${joined_date}</arg>
<doc>Types the given ``text`` into the text field identified by ``locator``.</doc>
<status status="PASS" start="2024-11-02T09:29:30.687174" elapsed="0.048010"/>
</kw>
<kw name="Sleep" owner="BuiltIn">
<msg time="2024-11-02T09:29:31.735442" level="INFO">Slept 1 second.</msg>
<arg>1s</arg>
<doc>Pauses the test executed for the given time.</doc>
<status status="PASS" start="2024-11-02T09:29:30.735184" elapsed="1.000258"/>
</kw>
<kw name="Input Text" owner="SeleniumLibrary">
<msg time="2024-11-02T09:29:31.735442" level="INFO">Typing text '3564695783' into text field 'xpath=//*[@id="phoneNumber"]'.</msg>
<arg>xpath=//*[@id="phoneNumber"]</arg>
<arg>${person}[phoneNumber]</arg>
<doc>Types the given ``text`` into the text field identified by ``locator``.</doc>
<status status="PASS" start="2024-11-02T09:29:31.735442" elapsed="0.067015"/>
</kw>
<kw name="Sleep" owner="BuiltIn">
<msg time="2024-11-02T09:29:32.802716" level="INFO">Slept 1 second.</msg>
<arg>1s</arg>
<doc>Pauses the test executed for the given time.</doc>
<status status="PASS" start="2024-11-02T09:29:31.802457" elapsed="1.000259"/>
</kw>
<kw name="Input Text" owner="SeleniumLibrary">
<msg time="2024-11-02T09:29:32.802716" level="INFO">Typing text 'pedro@gmail.com' into text field 'xpath=//*[@id="email"]'.</msg>
<arg>xpath=//*[@id="email"]</arg>
<arg>${person}[email]</arg>
<doc>Types the given ``text`` into the text field identified by ``locator``.</doc>
<status status="PASS" start="2024-11-02T09:29:32.802716" elapsed="0.088021"/>
</kw>
<kw name="Sleep" owner="BuiltIn">
<msg time="2024-11-02T09:29:33.891428" level="INFO">Slept 1 second.</msg>
<arg>1s</arg>
<doc>Pauses the test executed for the given time.</doc>
<status status="PASS" start="2024-11-02T09:29:32.890737" elapsed="1.000691"/>
</kw>
<kw name="Click Button" owner="SeleniumLibrary">
<msg time="2024-11-02T09:29:33.892427" level="INFO">Clicking button 'xpath=//*[@id="btnCreate"]'.</msg>
<arg>xpath=//*[@id="btnCreate"]</arg>
<doc>Clicks the button identified by ``locator``.</doc>
<status status="PASS" start="2024-11-02T09:29:33.891428" elapsed="0.034007"/>
</kw>
<kw name="Wait Until Element Is Visible" owner="SeleniumLibrary">
<arg>xpath=//*[@id="createSuccess"]</arg>
<doc>Waits until the element ``locator`` is visible.</doc>
<status status="PASS" start="2024-11-02T09:29:33.925435" elapsed="0.422925"/>
</kw>
<kw name="Element Should Be Visible" owner="SeleniumLibrary">
<msg time="2024-11-02T09:29:34.355361" level="INFO">Element 'xpath=//*[@id="createSuccess"]' is displayed.</msg>
<arg>xpath=//*[@id="createSuccess"]</arg>
<doc>Verifies that the element identified by ``locator`` is visible.</doc>
<status status="PASS" start="2024-11-02T09:29:34.348360" elapsed="0.007001"/>
</kw>
<kw name="Sleep" owner="BuiltIn">
<msg time="2024-11-02T09:29:37.356232" level="INFO">Slept 3 seconds.</msg>
<arg>3s</arg>
<doc>Pauses the test executed for the given time.</doc>
<status status="PASS" start="2024-11-02T09:29:34.355361" elapsed="3.000871"/>
</kw>
<var name="${person}">{'id': 4, 'testCase': 'create', 'happy': True, 'nit': '1111111111', 'firstName': 'pedro', 'middleName': '', 'lastName1': 'sanchez', 'lastName2': 'perez', 'birthdate': datetime.date(2004, 1, 6), 'phone...</var>
<status status="PASS" start="2024-11-02T09:29:25.294470" elapsed="12.061762"/>
</iter>
<var>${person}</var>
<value>@{people}</value>
<status status="PASS" start="2024-11-02T09:29:01.110806" elapsed="36.245426"/>
</for>
<kw name="Close Browser" owner="SeleniumLibrary">
<doc>Closes the current browser.</doc>
<status status="PASS" start="2024-11-02T09:29:37.356232" elapsed="2.140649"/>
</kw>
<status status="PASS" start="2024-11-02T09:28:54.193837" elapsed="45.303044"/>
</test>
<test id="s1-t2" name="Buscar usuarios" line="70">
<kw name="API get calling" owner="crud.res">
<kw name="Call Get Request" owner="Zoomba.APILibrary">
<msg time="2024-11-02T09:29:39.498882" level="INFO">Creating Session using : alias=getapi, url=http://localhost:3000/api, headers={'Content-Type': 'application/json', 'charset': 'UTF-8', 'Authorization': 'Bearer eyJhbGciOiJIUzI1NiIsInR5cCI6IkpXVCJ9.eyJ1c2VyTmFtZSI6IklzYWNjb3IyIiwibml0IjoiMTIzNDU2Nzg5MCIsImlhdCI6MTcyOTgxMjkxNH0.K-VQr-gt94iPm2EB-695JG0BVm-B1kjwvsUeQk1N90I'},                     cookies=None, auth=None, timeout=None, proxies=None, verify=False,                     debug=0 </msg>
<msg time="2024-11-02T09:29:39.502884" level="INFO">GET Request : url=http://localhost:3000/api/person 
 path_url=/api/person 
 headers={'User-Agent': 'python-requests/2.32.3', 'Accept-Encoding': 'gzip, deflate', 'Accept': '*/*', 'Connection': 'keep-alive', 'Content-Type': 'application/json', 'charset': 'UTF-8', 'Authorization': 'Bearer eyJhbGciOiJIUzI1NiIsInR5cCI6IkpXVCJ9.eyJ1c2VyTmFtZSI6IklzYWNjb3IyIiwibml0IjoiMTIzNDU2Nzg5MCIsImlhdCI6MTcyOTgxMjkxNH0.K-VQr-gt94iPm2EB-695JG0BVm-B1kjwvsUeQk1N90I'} 
 body=None 
 </msg>
<msg time="2024-11-02T09:29:39.502884" level="INFO">GET Response : url=http://localhost:3000/api/person 
 status=200, reason=OK 
 headers={'X-Powered-By': 'Express', 'Access-Control-Allow-Origin': '*', 'Content-Type': 'application/json; charset=utf-8', 'Content-Length': '1405', 'ETag': 'W/"57d-6N7vzmzw6p0Sq1r5y8QkDLZpPmQ"', 'Date': 'Sat, 02 Nov 2024 14:29:39 GMT', 'Connection': 'keep-alive', 'Keep-Alive': 'timeout=5'} 
 body=[{"nit":"4444444444","firstName":"admin","middleName":"","lastName1":"admin","lastName2":"admin","birthdate":"2000-02-04","phoneNumber":"3145351114","email":"admin@gmail.com","userName":"Admipro1","password":"$2b$12$T8mLMvd1SgLJSTKKVvbDeuYfnRqyg/9BLSlhC81H2sTk8sFnkvWba","createdAt":"2024-11-02T14:26:44.319Z","updatedAt":"2024-11-02T14:26:44.319Z"},{"nit":"1234567890","firstName":"isac","middleName":"","lastName1":"cortes","lastName2":"buitrago","birthdate":"2000-02-04","phoneNumber":"3145351114","email":"isac@gmail.com","userName":"Isaccor4","password":"$2b$12$lCjcwk0CQbXX9S5f/xKaH.7HjXGv5Pa889BN2SitQla8bTuORsiX2","createdAt":"2024-11-02T14:29:10.009Z","updatedAt":"2024-11-02T14:29:10.009Z"},{"nit":"1987654321","firstName":"Juan","middleName":null,"lastName1":"Estrada","lastName2":"Velez","birthdate":"2001-02-04","phoneNumber":"3100243256","email":"juan@gmail.com","userName":"Juanest8","password":"$2b$12$q9hgL5XACIcRmtilNPuj5uCfCJ.0yhXmijybY6xobIzQLdqeXHOoy","createdAt":"2024-11-02T14:29:22.120Z","updatedAt":"2024-11-02T14:29:22.120Z"},{"nit":"1111111111","firstName":"pedro","middleName":null,"lastName1":"sanchez","lastName2":"perez","birthdate":"2004-01-06","phoneNumber":"3564695783","email":"pedro@gmail.com","userName":"Pedrosa8","password":"$2b$12$rfFORZzePOCClvXy9HN4K.K5.lH/jF6zy4iVTyAyXWdQM3b1I20sa","createdAt":"2024-11-02T14:29:34.180Z","updatedAt":"2024-11-02T14:29:34.180Z"}] 
 </msg>
<msg time="2024-11-02T09:29:39.504884" level="INFO">${resp} = {'apparent_encoding': 'utf-8', 'close': &lt;bound method Response.close of &lt;Response [200]&gt;&gt;, 'connection': &lt;requests.adapters.HTTPAdapter object at 0x000002514694DE80&gt;, 'content': b'[{"nit":"4444444444"...</msg>
<var>${resp}</var>
<arg>${HEADERS}</arg>
<arg>${API_URL}</arg>
<arg>/person</arg>
<doc>Generate a GET Request. This Keyword is basically a wrapper for get_request from the RequestsLibrary.</doc>
<status status="PASS" start="2024-11-02T09:29:39.498882" elapsed="0.006002"/>
</kw>
<kw name="Should Be Equal As Integers" owner="BuiltIn">
<msg time="2024-11-02T09:29:39.505884" level="INFO">Argument types are:
&lt;class 'int'&gt;
&lt;class 'str'&gt;</msg>
<arg>${resp}[status_code]</arg>
<arg>200</arg>
<doc>Fails if objects are unequal after converting them to integers.</doc>
<status status="PASS" start="2024-11-02T09:29:39.504884" elapsed="0.001000"/>
</kw>
<status status="PASS" start="2024-11-02T09:29:39.498882" elapsed="0.007002"/>
</kw>
<kw name="Query" owner="DatabaseLibrary">
<msg time="2024-11-02T09:29:39.505884" level="INFO" html="true">Executing sql:&lt;br&gt;&lt;code style="font-weight: bold;"&gt;SELECT * FROM public."People" where nit = '4444444444';&lt;/code&gt;</msg>
<msg time="2024-11-02T09:29:39.506885" level="INFO" html="true">&lt;div style="max-width: 100%; overflow-x: auto;"&gt;&lt;table style="width: auto; border-collapse: collapse; border: 2px solid rgb(140 140 140)"&gt;&lt;caption style="text-align: left; font-weight: bold; padding: 5px;"&gt;Query returned 1 rows&lt;/caption&gt;&lt;tr&gt;&lt;th scope="col" style="background-color: #d6ecd4; border: 1px solid rgb(160 160 160);padding: 8px 10px;text-align: center;"&gt;Row&lt;/th&gt;&lt;th scope="col" style="background-color: #505050; color: #fff;border: 1px solid rgb(160 160 160);padding: 8px 10px;text-align: center;"&gt;nit&lt;/th&gt;&lt;th scope="col" style="background-color: #505050; color: #fff;border: 1px solid rgb(160 160 160);padding: 8px 10px;text-align: center;"&gt;firstName&lt;/th&gt;&lt;th scope="col" style="background-color: #505050; color: #fff;border: 1px solid rgb(160 160 160);padding: 8px 10px;text-align: center;"&gt;middleName&lt;/th&gt;&lt;th scope="col" style="background-color: #505050; color: #fff;border: 1px solid rgb(160 160 160);padding: 8px 10px;text-align: center;"&gt;lastName1&lt;/th&gt;&lt;th scope="col" style="background-color: #505050; color: #fff;border: 1px solid rgb(160 160 160);padding: 8px 10px;text-align: center;"&gt;lastName2&lt;/th&gt;&lt;th scope="col" style="background-color: #505050; color: #fff;border: 1px solid rgb(160 160 160);padding: 8px 10px;text-align: center;"&gt;birthdate&lt;/th&gt;&lt;th scope="col" style="background-color: #505050; color: #fff;border: 1px solid rgb(160 160 160);padding: 8px 10px;text-align: center;"&gt;phoneNumber&lt;/th&gt;&lt;th scope="col" style="background-color: #505050; color: #fff;border: 1px solid rgb(160 160 160);padding: 8px 10px;text-align: center;"&gt;email&lt;/th&gt;&lt;th scope="col" style="background-color: #505050; color: #fff;border: 1px solid rgb(160 160 160);padding: 8px 10px;text-align: center;"&gt;userName&lt;/th&gt;&lt;th scope="col" style="background-color: #505050; color: #fff;border: 1px solid rgb(160 160 160);padding: 8px 10px;text-align: center;"&gt;password&lt;/th&gt;&lt;th scope="col" style="background-color: #505050; color: #fff;border: 1px solid rgb(160 160 160);padding: 8px 10px;text-align: center;"&gt;createdAt&lt;/th&gt;&lt;th scope="col" style="background-color: #505050; color: #fff;border: 1px solid rgb(160 160 160);padding: 8px 10px;text-align: center;"&gt;updatedAt&lt;/th&gt;&lt;/tr&gt;&lt;tr style="background-color: #eee;"&gt;&lt;th scope="row" style="background-color: #d6ecd4;border: 1px solid rgb(160 160 160);padding: 8px 10px;text-align: center;"&gt;0&lt;/th&gt;&lt;td style="border: 1px solid rgb(160 160 160);padding: 8px 10px;text-align: center;"&gt;4444444444&lt;/td&gt;&lt;td style="border: 1px solid rgb(160 160 160);padding: 8px 10px;text-align: center;"&gt;admin&lt;/td&gt;&lt;td style="border: 1px solid rgb(160 160 160);padding: 8px 10px;text-align: center;"&gt;&lt;/td&gt;&lt;td style="border: 1px solid rgb(160 160 160);padding: 8px 10px;text-align: center;"&gt;admin&lt;/td&gt;&lt;td style="border: 1px solid rgb(160 160 160);padding: 8px 10px;text-align: center;"&gt;admin&lt;/td&gt;&lt;td style="border: 1px solid rgb(160 160 160);padding: 8px 10px;text-align: center;"&gt;2000-02-04&lt;/td&gt;&lt;td style="border: 1px solid rgb(160 160 160);padding: 8px 10px;text-align: center;"&gt;3145351114&lt;/td&gt;&lt;td style="border: 1px solid rgb(160 160 160);padding: 8px 10px;text-align: center;"&gt;admin@gmail.com&lt;/td&gt;&lt;td style="border: 1px solid rgb(160 160 160);padding: 8px 10px;text-align: center;"&gt;Admipro1&lt;/td&gt;&lt;td style="border: 1px solid rgb(160 160 160);padding: 8px 10px;text-align: center;"&gt;$2b$12$T8mLMvd1SgLJSTKKVvbDeuYfnRqyg/9BLSlhC81H2sTk8sFnkvWba&lt;/td&gt;&lt;td style="border: 1px solid rgb(160 160 160);padding: 8px 10px;text-align: center;"&gt;2024-11-02 09:26:44.319000-05:00&lt;/td&gt;&lt;td style="border: 1px solid rgb(160 160 160);padding: 8px 10px;text-align: center;"&gt;2024-11-02 09:26:44.319000-05:00&lt;/td&gt;&lt;/tr&gt;&lt;/table&gt;&lt;/div&gt;</msg>
<msg time="2024-11-02T09:29:39.506885" level="INFO">${admin} = [{'nit': '4444444444', 'firstName': 'admin', 'middleName': '', 'lastName1': 'admin', 'lastName2': 'admin', 'birthdate': datetime.date(2000, 2, 4), 'phoneNumber': '3145351114', 'email': 'admin@gmail.co...</msg>
<var>${admin}</var>
<arg>SELECT * FROM public."People" where nit = '4444444444';</arg>
<arg>\</arg>
<arg>True</arg>
<doc>Runs a query with the ``select_statement`` and returns the result as list of rows.
The type of row values depends on the database module -
usually they are tuples or tuple-like objects.</doc>
<status status="PASS" start="2024-11-02T09:29:39.505884" elapsed="0.001001"/>
</kw>
<kw name="Query" owner="DatabaseLibrary">
<msg time="2024-11-02T09:29:39.506885" level="INFO" html="true">Executing sql:&lt;br&gt;&lt;code style="font-weight: bold;"&gt;SELECT * FROM public."People";&lt;/code&gt;</msg>
<msg time="2024-11-02T09:29:39.507886" level="INFO" html="true">&lt;div style="max-width: 100%; overflow-x: auto;"&gt;&lt;table style="width: auto; border-collapse: collapse; border: 2px solid rgb(140 140 140)"&gt;&lt;caption style="text-align: left; font-weight: bold; padding: 5px;"&gt;Query returned 4 rows&lt;/caption&gt;&lt;tr&gt;&lt;th scope="col" style="background-color: #d6ecd4; border: 1px solid rgb(160 160 160);padding: 8px 10px;text-align: center;"&gt;Row&lt;/th&gt;&lt;th scope="col" style="background-color: #505050; color: #fff;border: 1px solid rgb(160 160 160);padding: 8px 10px;text-align: center;"&gt;nit&lt;/th&gt;&lt;th scope="col" style="background-color: #505050; color: #fff;border: 1px solid rgb(160 160 160);padding: 8px 10px;text-align: center;"&gt;firstName&lt;/th&gt;&lt;th scope="col" style="background-color: #505050; color: #fff;border: 1px solid rgb(160 160 160);padding: 8px 10px;text-align: center;"&gt;middleName&lt;/th&gt;&lt;th scope="col" style="background-color: #505050; color: #fff;border: 1px solid rgb(160 160 160);padding: 8px 10px;text-align: center;"&gt;lastName1&lt;/th&gt;&lt;th scope="col" style="background-color: #505050; color: #fff;border: 1px solid rgb(160 160 160);padding: 8px 10px;text-align: center;"&gt;lastName2&lt;/th&gt;&lt;th scope="col" style="background-color: #505050; color: #fff;border: 1px solid rgb(160 160 160);padding: 8px 10px;text-align: center;"&gt;birthdate&lt;/th&gt;&lt;th scope="col" style="background-color: #505050; color: #fff;border: 1px solid rgb(160 160 160);padding: 8px 10px;text-align: center;"&gt;phoneNumber&lt;/th&gt;&lt;th scope="col" style="background-color: #505050; color: #fff;border: 1px solid rgb(160 160 160);padding: 8px 10px;text-align: center;"&gt;email&lt;/th&gt;&lt;th scope="col" style="background-color: #505050; color: #fff;border: 1px solid rgb(160 160 160);padding: 8px 10px;text-align: center;"&gt;userName&lt;/th&gt;&lt;th scope="col" style="background-color: #505050; color: #fff;border: 1px solid rgb(160 160 160);padding: 8px 10px;text-align: center;"&gt;password&lt;/th&gt;&lt;th scope="col" style="background-color: #505050; color: #fff;border: 1px solid rgb(160 160 160);padding: 8px 10px;text-align: center;"&gt;createdAt&lt;/th&gt;&lt;th scope="col" style="background-color: #505050; color: #fff;border: 1px solid rgb(160 160 160);padding: 8px 10px;text-align: center;"&gt;updatedAt&lt;/th&gt;&lt;/tr&gt;&lt;tr style="background-color: #eee;"&gt;&lt;th scope="row" style="background-color: #d6ecd4;border: 1px solid rgb(160 160 160);padding: 8px 10px;text-align: center;"&gt;0&lt;/th&gt;&lt;td style="border: 1px solid rgb(160 160 160);padding: 8px 10px;text-align: center;"&gt;4444444444&lt;/td&gt;&lt;td style="border: 1px solid rgb(160 160 160);padding: 8px 10px;text-align: center;"&gt;admin&lt;/td&gt;&lt;td style="border: 1px solid rgb(160 160 160);padding: 8px 10px;text-align: center;"&gt;&lt;/td&gt;&lt;td style="border: 1px solid rgb(160 160 160);padding: 8px 10px;text-align: center;"&gt;admin&lt;/td&gt;&lt;td style="border: 1px solid rgb(160 160 160);padding: 8px 10px;text-align: center;"&gt;admin&lt;/td&gt;&lt;td style="border: 1px solid rgb(160 160 160);padding: 8px 10px;text-align: center;"&gt;2000-02-04&lt;/td&gt;&lt;td style="border: 1px solid rgb(160 160 160);padding: 8px 10px;text-align: center;"&gt;3145351114&lt;/td&gt;&lt;td style="border: 1px solid rgb(160 160 160);padding: 8px 10px;text-align: center;"&gt;admin@gmail.com&lt;/td&gt;&lt;td style="border: 1px solid rgb(160 160 160);padding: 8px 10px;text-align: center;"&gt;Admipro1&lt;/td&gt;&lt;td style="border: 1px solid rgb(160 160 160);padding: 8px 10px;text-align: center;"&gt;$2b$12$T8mLMvd1SgLJSTKKVvbDeuYfnRqyg/9BLSlhC81H2sTk8sFnkvWba&lt;/td&gt;&lt;td style="border: 1px solid rgb(160 160 160);padding: 8px 10px;text-align: center;"&gt;2024-11-02 09:26:44.319000-05:00&lt;/td&gt;&lt;td style="border: 1px solid rgb(160 160 160);padding: 8px 10px;text-align: center;"&gt;2024-11-02 09:26:44.319000-05:00&lt;/td&gt;&lt;/tr&gt;&lt;tr&gt;&lt;th scope="row" style="background-color: #d6ecd4;border: 1px solid rgb(160 160 160);padding: 8px 10px;text-align: center;"&gt;1&lt;/th&gt;&lt;td style="border: 1px solid rgb(160 160 160);padding: 8px 10px;text-align: center;"&gt;1234567890&lt;/td&gt;&lt;td style="border: 1px solid rgb(160 160 160);padding: 8px 10px;text-align: center;"&gt;isac&lt;/td&gt;&lt;td style="border: 1px solid rgb(160 160 160);padding: 8px 10px;text-align: center;"&gt;&lt;/td&gt;&lt;td style="border: 1px solid rgb(160 160 160);padding: 8px 10px;text-align: center;"&gt;cortes&lt;/td&gt;&lt;td style="border: 1px solid rgb(160 160 160);padding: 8px 10px;text-align: center;"&gt;buitrago&lt;/td&gt;&lt;td style="border: 1px solid rgb(160 160 160);padding: 8px 10px;text-align: center;"&gt;2000-02-04&lt;/td&gt;&lt;td style="border: 1px solid rgb(160 160 160);padding: 8px 10px;text-align: center;"&gt;3145351114&lt;/td&gt;&lt;td style="border: 1px solid rgb(160 160 160);padding: 8px 10px;text-align: center;"&gt;isac@gmail.com&lt;/td&gt;&lt;td style="border: 1px solid rgb(160 160 160);padding: 8px 10px;text-align: center;"&gt;Isaccor4&lt;/td&gt;&lt;td style="border: 1px solid rgb(160 160 160);padding: 8px 10px;text-align: center;"&gt;$2b$12$lCjcwk0CQbXX9S5f/xKaH.7HjXGv5Pa889BN2SitQla8bTuORsiX2&lt;/td&gt;&lt;td style="border: 1px solid rgb(160 160 160);padding: 8px 10px;text-align: center;"&gt;2024-11-02 09:29:10.009000-05:00&lt;/td&gt;&lt;td style="border: 1px solid rgb(160 160 160);padding: 8px 10px;text-align: center;"&gt;2024-11-02 09:29:10.009000-05:00&lt;/td&gt;&lt;/tr&gt;&lt;tr style="background-color: #eee;"&gt;&lt;th scope="row" style="background-color: #d6ecd4;border: 1px solid rgb(160 160 160);padding: 8px 10px;text-align: center;"&gt;2&lt;/th&gt;&lt;td style="border: 1px solid rgb(160 160 160);padding: 8px 10px;text-align: center;"&gt;1987654321&lt;/td&gt;&lt;td style="border: 1px solid rgb(160 160 160);padding: 8px 10px;text-align: center;"&gt;Juan&lt;/td&gt;&lt;td style="border: 1px solid rgb(160 160 160);padding: 8px 10px;text-align: center;"&gt;None&lt;/td&gt;&lt;td style="border: 1px solid rgb(160 160 160);padding: 8px 10px;text-align: center;"&gt;Estrada&lt;/td&gt;&lt;td style="border: 1px solid rgb(160 160 160);padding: 8px 10px;text-align: center;"&gt;Velez&lt;/td&gt;&lt;td style="border: 1px solid rgb(160 160 160);padding: 8px 10px;text-align: center;"&gt;2001-02-04&lt;/td&gt;&lt;td style="border: 1px solid rgb(160 160 160);padding: 8px 10px;text-align: center;"&gt;3100243256&lt;/td&gt;&lt;td style="border: 1px solid rgb(160 160 160);padding: 8px 10px;text-align: center;"&gt;juan@gmail.com&lt;/td&gt;&lt;td style="border: 1px solid rgb(160 160 160);padding: 8px 10px;text-align: center;"&gt;Juanest8&lt;/td&gt;&lt;td style="border: 1px solid rgb(160 160 160);padding: 8px 10px;text-align: center;"&gt;$2b$12$q9hgL5XACIcRmtilNPuj5uCfCJ.0yhXmijybY6xobIzQLdqeXHOoy&lt;/td&gt;&lt;td style="border: 1px solid rgb(160 160 160);padding: 8px 10px;text-align: center;"&gt;2024-11-02 09:29:22.120000-05:00&lt;/td&gt;&lt;td style="border: 1px solid rgb(160 160 160);padding: 8px 10px;text-align: center;"&gt;2024-11-02 09:29:22.120000-05:00&lt;/td&gt;&lt;/tr&gt;&lt;tr&gt;&lt;th scope="row" style="background-color: #d6ecd4;border: 1px solid rgb(160 160 160);padding: 8px 10px;text-align: center;"&gt;3&lt;/th&gt;&lt;td style="border: 1px solid rgb(160 160 160);padding: 8px 10px;text-align: center;"&gt;1111111111&lt;/td&gt;&lt;td style="border: 1px solid rgb(160 160 160);padding: 8px 10px;text-align: center;"&gt;pedro&lt;/td&gt;&lt;td style="border: 1px solid rgb(160 160 160);padding: 8px 10px;text-align: center;"&gt;None&lt;/td&gt;&lt;td style="border: 1px solid rgb(160 160 160);padding: 8px 10px;text-align: center;"&gt;sanchez&lt;/td&gt;&lt;td style="border: 1px solid rgb(160 160 160);padding: 8px 10px;text-align: center;"&gt;perez&lt;/td&gt;&lt;td style="border: 1px solid rgb(160 160 160);padding: 8px 10px;text-align: center;"&gt;2004-01-06&lt;/td&gt;&lt;td style="border: 1px solid rgb(160 160 160);padding: 8px 10px;text-align: center;"&gt;3564695783&lt;/td&gt;&lt;td style="border: 1px solid rgb(160 160 160);padding: 8px 10px;text-align: center;"&gt;pedro@gmail.com&lt;/td&gt;&lt;td style="border: 1px solid rgb(160 160 160);padding: 8px 10px;text-align: center;"&gt;Pedrosa8&lt;/td&gt;&lt;td style="border: 1px solid rgb(160 160 160);padding: 8px 10px;text-align: center;"&gt;$2b$12$rfFORZzePOCClvXy9HN4K.K5.lH/jF6zy4iVTyAyXWdQM3b1I20sa&lt;/td&gt;&lt;td style="border: 1px solid rgb(160 160 160);padding: 8px 10px;text-align: center;"&gt;2024-11-02 09:29:34.180000-05:00&lt;/td&gt;&lt;td style="border: 1px solid rgb(160 160 160);padding: 8px 10px;text-align: center;"&gt;2024-11-02 09:29:34.180000-05:00&lt;/td&gt;&lt;/tr&gt;&lt;/table&gt;&lt;/div&gt;</msg>
<msg time="2024-11-02T09:29:39.507886" level="INFO">${people} = [{'nit': '4444444444', 'firstName': 'admin', 'middleName': '', 'lastName1': 'admin', 'lastName2': 'admin', 'birthdate': datetime.date(2000, 2, 4), 'phoneNumber': '3145351114', 'email': 'admin@gmail.co...</msg>
<var>${people}</var>
<arg>SELECT * FROM public."People";</arg>
<arg>\</arg>
<arg>True</arg>
<doc>Runs a query with the ``select_statement`` and returns the result as list of rows.
The type of row values depends on the database module -
usually they are tuples or tuple-like objects.</doc>
<status status="PASS" start="2024-11-02T09:29:39.506885" elapsed="0.001001"/>
</kw>
<kw name="Open Browser" owner="SeleniumLibrary">
<msg time="2024-11-02T09:29:39.507886" level="INFO">Opening browser 'firefox' to base url 'http://localhost:4200/'.</msg>
<arg>${PAGE_URL}</arg>
<arg>firefox</arg>
<doc>Opens a new browser instance to the optional ``url``.</doc>
<status status="PASS" start="2024-11-02T09:29:39.507886" elapsed="7.851225"/>
</kw>
<kw name="Sleep" owner="BuiltIn">
<msg time="2024-11-02T09:29:49.360561" level="INFO">Slept 2 seconds.</msg>
<arg>2s</arg>
<doc>Pauses the test executed for the given time.</doc>
<status status="PASS" start="2024-11-02T09:29:47.359111" elapsed="2.001450"/>
</kw>
<kw name="Login" owner="crud.res">
<kw name="Wait Until Element Is Visible" owner="SeleniumLibrary">
<arg>xpath=//*[@id="username"]</arg>
<doc>Waits until the element ``locator`` is visible.</doc>
<status status="PASS" start="2024-11-02T09:29:49.361561" elapsed="0.017004"/>
</kw>
<kw name="Input Text" owner="SeleniumLibrary">
<msg time="2024-11-02T09:29:49.378565" level="INFO">Typing text 'Admipro1' into text field 'xpath=//*[@id="username"]'.</msg>
<arg>xpath=//*[@id="username"]</arg>
<arg>${username}</arg>
<doc>Types the given ``text`` into the text field identified by ``locator``.</doc>
<status status="PASS" start="2024-11-02T09:29:49.378565" elapsed="0.054012"/>
</kw>
<kw name="Sleep" owner="BuiltIn">
<msg time="2024-11-02T09:29:50.433304" level="INFO">Slept 1 second.</msg>
<arg>1s</arg>
<doc>Pauses the test executed for the given time.</doc>
<status status="PASS" start="2024-11-02T09:29:49.432577" elapsed="1.000727"/>
</kw>
<kw name="Wait Until Element Is Visible" owner="SeleniumLibrary">
<arg>xpath=//*[@id="password"]</arg>
<doc>Waits until the element ``locator`` is visible.</doc>
<status status="PASS" start="2024-11-02T09:29:50.433304" elapsed="0.008002"/>
</kw>
<kw name="Input Text" owner="SeleniumLibrary">
<msg time="2024-11-02T09:29:50.441306" level="INFO">Typing text 'P@ssw0rd' into text field 'xpath=//*[@id="password"]'.</msg>
<arg>xpath=//*[@id="password"]</arg>
<arg>${password}</arg>
<doc>Types the given ``text`` into the text field identified by ``locator``.</doc>
<status status="PASS" start="2024-11-02T09:29:50.441306" elapsed="0.021006"/>
</kw>
<kw name="Sleep" owner="BuiltIn">
<msg time="2024-11-02T09:29:51.463584" level="INFO">Slept 1 second.</msg>
<arg>1s</arg>
<doc>Pauses the test executed for the given time.</doc>
<status status="PASS" start="2024-11-02T09:29:50.462312" elapsed="1.001272"/>
</kw>
<kw name="Click Button" owner="SeleniumLibrary">
<msg time="2024-11-02T09:29:51.463584" level="INFO">Clicking button 'xpath=//*[@id="btnLogin"]'.</msg>
<arg>xpath=//*[@id="btnLogin"]</arg>
<doc>Clicks the button identified by ``locator``.</doc>
<status status="PASS" start="2024-11-02T09:29:51.463584" elapsed="0.223180"/>
</kw>
<kw name="Sleep" owner="BuiltIn">
<msg time="2024-11-02T09:29:52.688351" level="INFO">Slept 1 second.</msg>
<arg>1s</arg>
<doc>Pauses the test executed for the given time.</doc>
<status status="PASS" start="2024-11-02T09:29:51.687765" elapsed="1.000586"/>
</kw>
<kw name="Page Should Contain" owner="SeleniumLibrary">
<msg time="2024-11-02T09:29:52.691356" level="INFO">Current page contains text 'Welcome!'.</msg>
<arg>Welcome!</arg>
<doc>Verifies that current page contains ``text``.</doc>
<status status="PASS" start="2024-11-02T09:29:52.688351" elapsed="0.004005"/>
</kw>
<arg>${admin[0]}[userName]</arg>
<arg>${USER_PASSWORD}</arg>
<status status="PASS" start="2024-11-02T09:29:49.360561" elapsed="3.331795"/>
</kw>
<for flavor="IN">
<iter>
<kw name="Search user" owner="crud.res">
<kw name="Wait Until Element Is Visible" owner="SeleniumLibrary">
<arg>xpath=//*[@id="btnOp1"]</arg>
<doc>Waits until the element ``locator`` is visible.</doc>
<status status="PASS" start="2024-11-02T09:29:52.692356" elapsed="0.007001"/>
</kw>
<kw name="Click Button" owner="SeleniumLibrary">
<msg time="2024-11-02T09:29:52.699357" level="INFO">Clicking button 'xpath=//*[@id="btnOp1"]'.</msg>
<arg>xpath=//*[@id="btnOp1"]</arg>
<doc>Clicks the button identified by ``locator``.</doc>
<status status="PASS" start="2024-11-02T09:29:52.699357" elapsed="0.217049"/>
</kw>
<kw name="Wait Until Element Is Visible" owner="SeleniumLibrary">
<arg>xpath=//*[@id="nit"]</arg>
<doc>Waits until the element ``locator`` is visible.</doc>
<status status="PASS" start="2024-11-02T09:29:52.916406" elapsed="0.006002"/>
</kw>
<kw name="Input Text" owner="SeleniumLibrary">
<msg time="2024-11-02T09:29:52.922408" level="INFO">Typing text '4444444444' into text field 'xpath=//*[@id="nit"]'.</msg>
<arg>xpath=//*[@id="nit"]</arg>
<arg>${nit}</arg>
<doc>Types the given ``text`` into the text field identified by ``locator``.</doc>
<status status="PASS" start="2024-11-02T09:29:52.922408" elapsed="0.024004"/>
</kw>
<kw name="Sleep" owner="BuiltIn">
<msg time="2024-11-02T09:29:53.948176" level="INFO">Slept 1 second.</msg>
<arg>1s</arg>
<doc>Pauses the test executed for the given time.</doc>
<status status="PASS" start="2024-11-02T09:29:52.946412" elapsed="1.001764"/>
</kw>
<kw name="Click Button" owner="SeleniumLibrary">
<msg time="2024-11-02T09:29:53.948176" level="INFO">Clicking button 'xpath=//*[@id="btnSearch"]'.</msg>
<arg>xpath=//*[@id="btnSearch"]</arg>
<doc>Clicks the button identified by ``locator``.</doc>
<status status="PASS" start="2024-11-02T09:29:53.948176" elapsed="0.228055"/>
</kw>
<if>
<branch type="IF" condition="'${assertionArg}' == 'User'">
<kw name="Page Should Contain" owner="SeleniumLibrary">
<msg time="2024-11-02T09:29:54.184232" level="INFO">Current page contains text 'User'.</msg>
<arg>${assertionArg}</arg>
<doc>Verifies that current page contains ``text``.</doc>
<status status="PASS" start="2024-11-02T09:29:54.176231" elapsed="0.008001"/>
</kw>
<status status="PASS" start="2024-11-02T09:29:54.176231" elapsed="0.008001"/>
</branch>
<branch type="ELSE">
<kw name="Wait Until Element Is Visible" owner="SeleniumLibrary">
<arg>${assertionArg}</arg>
<doc>Waits until the element ``locator`` is visible.</doc>
<status status="NOT RUN" start="2024-11-02T09:29:54.184232" elapsed="0.000000"/>
</kw>
<kw name="Element Should Be Visible" owner="SeleniumLibrary">
<arg>${assertionArg}</arg>
<doc>Verifies that the element identified by ``locator`` is visible.</doc>
<status status="NOT RUN" start="2024-11-02T09:29:54.184232" elapsed="0.000000"/>
</kw>
<status status="NOT RUN" start="2024-11-02T09:29:54.184232" elapsed="0.000000"/>
</branch>
<status status="PASS" start="2024-11-02T09:29:54.176231" elapsed="0.008001"/>
</if>
<arg>${person}[nit]</arg>
<status status="PASS" start="2024-11-02T09:29:52.692356" elapsed="1.491876"/>
</kw>
<kw name="Sleep" owner="BuiltIn">
<msg time="2024-11-02T09:29:56.184464" level="INFO">Slept 2 seconds.</msg>
<arg>2s</arg>
<doc>Pauses the test executed for the given time.</doc>
<status status="PASS" start="2024-11-02T09:29:54.184232" elapsed="2.000232"/>
</kw>
<kw name="Click Button" owner="SeleniumLibrary">
<msg time="2024-11-02T09:29:56.184464" level="INFO">Clicking button 'xpath=//*[@id="btnExit"]'.</msg>
<arg>xpath=//*[@id="btnExit"]</arg>
<doc>Clicks the button identified by ``locator``.</doc>
<status status="PASS" start="2024-11-02T09:29:56.184464" elapsed="0.216557"/>
</kw>
<kw name="Sleep" owner="BuiltIn">
<msg time="2024-11-02T09:29:58.401570" level="INFO">Slept 2 seconds.</msg>
<arg>2s</arg>
<doc>Pauses the test executed for the given time.</doc>
<status status="PASS" start="2024-11-02T09:29:56.401021" elapsed="2.000549"/>
</kw>
<var name="${person}">{'nit': '4444444444', 'firstName': 'admin', 'middleName': '', 'lastName1': 'admin', 'lastName2': 'admin', 'birthdate': datetime.date(2000, 2, 4), 'phoneNumber': '3145351114', 'email': 'admin@gmail.com...</var>
<status status="PASS" start="2024-11-02T09:29:52.692356" elapsed="5.709214"/>
</iter>
<iter>
<kw name="Search user" owner="crud.res">
<kw name="Wait Until Element Is Visible" owner="SeleniumLibrary">
<arg>xpath=//*[@id="btnOp1"]</arg>
<doc>Waits until the element ``locator`` is visible.</doc>
<status status="PASS" start="2024-11-02T09:29:58.401570" elapsed="0.007001"/>
</kw>
<kw name="Click Button" owner="SeleniumLibrary">
<msg time="2024-11-02T09:29:58.408571" level="INFO">Clicking button 'xpath=//*[@id="btnOp1"]'.</msg>
<arg>xpath=//*[@id="btnOp1"]</arg>
<doc>Clicks the button identified by ``locator``.</doc>
<status status="PASS" start="2024-11-02T09:29:58.408571" elapsed="0.222100"/>
</kw>
<kw name="Wait Until Element Is Visible" owner="SeleniumLibrary">
<arg>xpath=//*[@id="nit"]</arg>
<doc>Waits until the element ``locator`` is visible.</doc>
<status status="PASS" start="2024-11-02T09:29:58.630671" elapsed="0.006004"/>
</kw>
<kw name="Input Text" owner="SeleniumLibrary">
<msg time="2024-11-02T09:29:58.636675" level="INFO">Typing text '1234567890' into text field 'xpath=//*[@id="nit"]'.</msg>
<arg>xpath=//*[@id="nit"]</arg>
<arg>${nit}</arg>
<doc>Types the given ``text`` into the text field identified by ``locator``.</doc>
<status status="PASS" start="2024-11-02T09:29:58.636675" elapsed="0.027006"/>
</kw>
<kw name="Sleep" owner="BuiltIn">
<msg time="2024-11-02T09:29:59.665634" level="INFO">Slept 1 second.</msg>
<arg>1s</arg>
<doc>Pauses the test executed for the given time.</doc>
<status status="PASS" start="2024-11-02T09:29:58.664681" elapsed="1.000953"/>
</kw>
<kw name="Click Button" owner="SeleniumLibrary">
<msg time="2024-11-02T09:29:59.665634" level="INFO">Clicking button 'xpath=//*[@id="btnSearch"]'.</msg>
<arg>xpath=//*[@id="btnSearch"]</arg>
<doc>Clicks the button identified by ``locator``.</doc>
<status status="PASS" start="2024-11-02T09:29:59.665634" elapsed="0.220049"/>
</kw>
<if>
<branch type="IF" condition="'${assertionArg}' == 'User'">
<kw name="Page Should Contain" owner="SeleniumLibrary">
<msg time="2024-11-02T09:29:59.890685" level="INFO">Current page contains text 'User'.</msg>
<arg>${assertionArg}</arg>
<doc>Verifies that current page contains ``text``.</doc>
<status status="PASS" start="2024-11-02T09:29:59.885683" elapsed="0.005002"/>
</kw>
<status status="PASS" start="2024-11-02T09:29:59.885683" elapsed="0.005002"/>
</branch>
<branch type="ELSE">
<kw name="Wait Until Element Is Visible" owner="SeleniumLibrary">
<arg>${assertionArg}</arg>
<doc>Waits until the element ``locator`` is visible.</doc>
<status status="NOT RUN" start="2024-11-02T09:29:59.890685" elapsed="0.000000"/>
</kw>
<kw name="Element Should Be Visible" owner="SeleniumLibrary">
<arg>${assertionArg}</arg>
<doc>Verifies that the element identified by ``locator`` is visible.</doc>
<status status="NOT RUN" start="2024-11-02T09:29:59.890685" elapsed="0.000000"/>
</kw>
<status status="NOT RUN" start="2024-11-02T09:29:59.890685" elapsed="0.000000"/>
</branch>
<status status="PASS" start="2024-11-02T09:29:59.885683" elapsed="0.005002"/>
</if>
<arg>${person}[nit]</arg>
<status status="PASS" start="2024-11-02T09:29:58.401570" elapsed="1.489115"/>
</kw>
<kw name="Sleep" owner="BuiltIn">
<msg time="2024-11-02T09:30:01.891145" level="INFO">Slept 2 seconds.</msg>
<arg>2s</arg>
<doc>Pauses the test executed for the given time.</doc>
<status status="PASS" start="2024-11-02T09:29:59.890685" elapsed="2.000460"/>
</kw>
<kw name="Click Button" owner="SeleniumLibrary">
<msg time="2024-11-02T09:30:01.891145" level="INFO">Clicking button 'xpath=//*[@id="btnExit"]'.</msg>
<arg>xpath=//*[@id="btnExit"]</arg>
<doc>Clicks the button identified by ``locator``.</doc>
<status status="PASS" start="2024-11-02T09:30:01.891145" elapsed="0.229051"/>
</kw>
<kw name="Sleep" owner="BuiltIn">
<msg time="2024-11-02T09:30:04.120742" level="INFO">Slept 2 seconds.</msg>
<arg>2s</arg>
<doc>Pauses the test executed for the given time.</doc>
<status status="PASS" start="2024-11-02T09:30:02.120196" elapsed="2.000546"/>
</kw>
<var name="${person}">{'nit': '1234567890', 'firstName': 'isac', 'middleName': '', 'lastName1': 'cortes', 'lastName2': 'buitrago', 'birthdate': datetime.date(2000, 2, 4), 'phoneNumber': '3145351114', 'email': 'isac@gmail.c...</var>
<status status="PASS" start="2024-11-02T09:29:58.401570" elapsed="5.719172"/>
</iter>
<iter>
<kw name="Search user" owner="crud.res">
<kw name="Wait Until Element Is Visible" owner="SeleniumLibrary">
<arg>xpath=//*[@id="btnOp1"]</arg>
<doc>Waits until the element ``locator`` is visible.</doc>
[...]
rder: 1px solid rgb(160 160 160);padding: 8px 10px;text-align: center;"&gt;nit&lt;/th&gt;&lt;th scope="col" style="background-color: #505050; color: #fff;border: 1px solid rgb(160 160 160);padding: 8px 10px;text-align: center;"&gt;firstName&lt;/th&gt;&lt;th scope="col" style="background-color: #505050; color: #fff;border: 1px solid rgb(160 160 160);padding: 8px 10px;text-align: center;"&gt;middleName&lt;/th&gt;&lt;th scope="col" style="background-color: #505050; color: #fff;border: 1px solid rgb(160 160 160);padding: 8px 10px;text-align: center;"&gt;lastName1&lt;/th&gt;&lt;th scope="col" style="background-color: #505050; color: #fff;border: 1px solid rgb(160 160 160);padding: 8px 10px;text-align: center;"&gt;lastName2&lt;/th&gt;&lt;th scope="col" style="background-color: #505050; color: #fff;border: 1px solid rgb(160 160 160);padding: 8px 10px;text-align: center;"&gt;birthdate&lt;/th&gt;&lt;th scope="col" style="background-color: #505050; color: #fff;border: 1px solid rgb(160 160 160);padding: 8px 10px;text-align: center;"&gt;phoneNumber&lt;/th&gt;&lt;th scope="col" style="background-color: #505050; color: #fff;border: 1px solid rgb(160 160 160);padding: 8px 10px;text-align: center;"&gt;email&lt;/th&gt;&lt;th scope="col" style="background-color: #505050; color: #fff;border: 1px solid rgb(160 160 160);padding: 8px 10px;text-align: center;"&gt;userName&lt;/th&gt;&lt;th scope="col" style="background-color: #505050; color: #fff;border: 1px solid rgb(160 160 160);padding: 8px 10px;text-align: center;"&gt;password&lt;/th&gt;&lt;th scope="col" style="background-color: #505050; color: #fff;border: 1px solid rgb(160 160 160);padding: 8px 10px;text-align: center;"&gt;createdAt&lt;/th&gt;&lt;th scope="col" style="background-color: #505050; color: #fff;border: 1px solid rgb(160 160 160);padding: 8px 10px;text-align: center;"&gt;updatedAt&lt;/th&gt;&lt;/tr&gt;&lt;tr style="background-color: #eee;"&gt;&lt;th scope="row" style="background-color: #d6ecd4;border: 1px solid rgb(160 160 160);padding: 8px 10px;text-align: center;"&gt;0&lt;/th&gt;&lt;td style="border: 1px solid rgb(160 160 160);padding: 8px 10px;text-align: center;"&gt;19&lt;/td&gt;&lt;td style="border: 1px solid rgb(160 160 160);padding: 8px 10px;text-align: center;"&gt;search&lt;/td&gt;&lt;td style="border: 1px solid rgb(160 160 160);padding: 8px 10px;text-align: center;"&gt;False&lt;/td&gt;&lt;td style="border: 1px solid rgb(160 160 160);padding: 8px 10px;text-align: center;"&gt;19876543&lt;/td&gt;&lt;td style="border: 1px solid rgb(160 160 160);padding: 8px 10px;text-align: center;"&gt;None&lt;/td&gt;&lt;td style="border: 1px solid rgb(160 160 160);padding: 8px 10px;text-align: center;"&gt;None&lt;/td&gt;&lt;td style="border: 1px solid rgb(160 160 160);padding: 8px 10px;text-align: center;"&gt;None&lt;/td&gt;&lt;td style="border: 1px solid rgb(160 160 160);padding: 8px 10px;text-align: center;"&gt;None&lt;/td&gt;&lt;td style="border: 1px solid rgb(160 160 160);padding: 8px 10px;text-align: center;"&gt;None&lt;/td&gt;&lt;td style="border: 1px solid rgb(160 160 160);padding: 8px 10px;text-align: center;"&gt;None&lt;/td&gt;&lt;td style="border: 1px solid rgb(160 160 160);padding: 8px 10px;text-align: center;"&gt;None&lt;/td&gt;&lt;td style="border: 1px solid rgb(160 160 160);padding: 8px 10px;text-align: center;"&gt;None&lt;/td&gt;&lt;td style="border: 1px solid rgb(160 160 160);padding: 8px 10px;text-align: center;"&gt;None&lt;/td&gt;&lt;td style="border: 1px solid rgb(160 160 160);padding: 8px 10px;text-align: center;"&gt;2024-11-02 09:26:44.085000-05:00&lt;/td&gt;&lt;td style="border: 1px solid rgb(160 160 160);padding: 8px 10px;text-align: center;"&gt;2024-11-02 09:26:44.085000-05:00&lt;/td&gt;&lt;/tr&gt;&lt;tr&gt;&lt;th scope="row" style="background-color: #d6ecd4;border: 1px solid rgb(160 160 160);padding: 8px 10px;text-align: center;"&gt;1&lt;/th&gt;&lt;td style="border: 1px solid rgb(160 160 160);padding: 8px 10px;text-align: center;"&gt;20&lt;/td&gt;&lt;td style="border: 1px solid rgb(160 160 160);padding: 8px 10px;text-align: center;"&gt;search&lt;/td&gt;&lt;td style="border: 1px solid rgb(160 160 160);padding: 8px 10px;text-align: center;"&gt;False&lt;/td&gt;&lt;td style="border: 1px solid rgb(160 160 160);padding: 8px 10px;text-align: center;"&gt;1000000000&lt;/td&gt;&lt;td style="border: 1px solid rgb(160 160 160);padding: 8px 10px;text-align: center;"&gt;None&lt;/td&gt;&lt;td style="border: 1px solid rgb(160 160 160);padding: 8px 10px;text-align: center;"&gt;None&lt;/td&gt;&lt;td style="border: 1px solid rgb(160 160 160);padding: 8px 10px;text-align: center;"&gt;None&lt;/td&gt;&lt;td style="border: 1px solid rgb(160 160 160);padding: 8px 10px;text-align: center;"&gt;None&lt;/td&gt;&lt;td style="border: 1px solid rgb(160 160 160);padding: 8px 10px;text-align: center;"&gt;None&lt;/td&gt;&lt;td style="border: 1px solid rgb(160 160 160);padding: 8px 10px;text-align: center;"&gt;None&lt;/td&gt;&lt;td style="border: 1px solid rgb(160 160 160);padding: 8px 10px;text-align: center;"&gt;None&lt;/td&gt;&lt;td style="border: 1px solid rgb(160 160 160);padding: 8px 10px;text-align: center;"&gt;None&lt;/td&gt;&lt;td style="border: 1px solid rgb(160 160 160);padding: 8px 10px;text-align: center;"&gt;None&lt;/td&gt;&lt;td style="border: 1px solid rgb(160 160 160);padding: 8px 10px;text-align: center;"&gt;2024-11-02 09:26:44.085000-05:00&lt;/td&gt;&lt;td style="border: 1px solid rgb(160 160 160);padding: 8px 10px;text-align: center;"&gt;2024-11-02 09:26:44.085000-05:00&lt;/td&gt;&lt;/tr&gt;&lt;/table&gt;&lt;/div&gt;</msg>
<msg time="2024-11-02T09:32:12.929084" level="INFO">${people} = [{'id': 19, 'testCase': 'search', 'happy': False, 'nit': '19876543', 'firstName': None, 'middleName': None, 'lastName1': None, 'lastName2': None, 'birthdate': None, 'phoneNumber': None, 'email': None,...</msg>
<var>${people}</var>
<arg>SELECT * FROM public."TestUsers" where "testCase" = 'search' and happy = false;</arg>
<arg>\</arg>
<arg>True</arg>
<doc>Runs a query with the ``select_statement`` and returns the result as list of rows.
The type of row values depends on the database module -
usually they are tuples or tuple-like objects.</doc>
<status status="PASS" start="2024-11-02T09:32:12.928083" elapsed="0.001001"/>
</kw>
<kw name="Open Browser" owner="SeleniumLibrary">
<msg time="2024-11-02T09:32:12.929084" level="INFO">Opening browser 'chrome' to base url 'http://localhost:4200/'.</msg>
<arg>${PAGE_URL}</arg>
<arg>chrome</arg>
<doc>Opens a new browser instance to the optional ``url``.</doc>
<status status="PASS" start="2024-11-02T09:32:12.929084" elapsed="1.546804"/>
</kw>
<kw name="Sleep" owner="BuiltIn">
<msg time="2024-11-02T09:32:16.477033" level="INFO">Slept 2 seconds.</msg>
<arg>2s</arg>
<doc>Pauses the test executed for the given time.</doc>
<status status="PASS" start="2024-11-02T09:32:14.476890" elapsed="2.000143"/>
</kw>
<kw name="Login" owner="crud.res">
<kw name="Wait Until Element Is Visible" owner="SeleniumLibrary">
<arg>xpath=//*[@id="username"]</arg>
<doc>Waits until the element ``locator`` is visible.</doc>
<status status="PASS" start="2024-11-02T09:32:16.478035" elapsed="0.015003"/>
</kw>
<kw name="Input Text" owner="SeleniumLibrary">
<msg time="2024-11-02T09:32:16.493038" level="INFO">Typing text 'Admipro1' into text field 'xpath=//*[@id="username"]'.</msg>
<arg>xpath=//*[@id="username"]</arg>
<arg>${username}</arg>
<doc>Types the given ``text`` into the text field identified by ``locator``.</doc>
<status status="PASS" start="2024-11-02T09:32:16.493038" elapsed="0.076018"/>
</kw>
<kw name="Sleep" owner="BuiltIn">
<msg time="2024-11-02T09:32:17.569191" level="INFO">Slept 1 second.</msg>
<arg>1s</arg>
<doc>Pauses the test executed for the given time.</doc>
<status status="PASS" start="2024-11-02T09:32:16.569056" elapsed="1.000135"/>
</kw>
<kw name="Wait Until Element Is Visible" owner="SeleniumLibrary">
<arg>xpath=//*[@id="password"]</arg>
<doc>Waits until the element ``locator`` is visible.</doc>
<status status="PASS" start="2024-11-02T09:32:17.569191" elapsed="0.016004"/>
</kw>
<kw name="Input Text" owner="SeleniumLibrary">
<msg time="2024-11-02T09:32:17.585195" level="INFO">Typing text 'P@ssw0rd' into text field 'xpath=//*[@id="password"]'.</msg>
<arg>xpath=//*[@id="password"]</arg>
<arg>${password}</arg>
<doc>Types the given ``text`` into the text field identified by ``locator``.</doc>
<status status="PASS" start="2024-11-02T09:32:17.585195" elapsed="0.056992"/>
</kw>
<kw name="Sleep" owner="BuiltIn">
<msg time="2024-11-02T09:32:18.642502" level="INFO">Slept 1 second.</msg>
<arg>1s</arg>
<doc>Pauses the test executed for the given time.</doc>
<status status="PASS" start="2024-11-02T09:32:17.642187" elapsed="1.000315"/>
</kw>
<kw name="Click Button" owner="SeleniumLibrary">
<msg time="2024-11-02T09:32:18.642502" level="INFO">Clicking button 'xpath=//*[@id="btnLogin"]'.</msg>
<arg>xpath=//*[@id="btnLogin"]</arg>
<doc>Clicks the button identified by ``locator``.</doc>
<status status="PASS" start="2024-11-02T09:32:18.642502" elapsed="0.043013"/>
</kw>
<kw name="Sleep" owner="BuiltIn">
<msg time="2024-11-02T09:32:19.687508" level="INFO">Slept 1 second.</msg>
<arg>1s</arg>
<doc>Pauses the test executed for the given time.</doc>
<status status="PASS" start="2024-11-02T09:32:18.686515" elapsed="1.000993"/>
</kw>
<kw name="Page Should Contain" owner="SeleniumLibrary">
<msg time="2024-11-02T09:32:19.696511" level="INFO">Current page contains text 'Welcome!'.</msg>
<arg>Welcome!</arg>
<doc>Verifies that current page contains ``text``.</doc>
<status status="PASS" start="2024-11-02T09:32:19.687508" elapsed="0.009003"/>
</kw>
<arg>${admin[0]}[userName]</arg>
<arg>${USER_PASSWORD}</arg>
<status status="PASS" start="2024-11-02T09:32:16.477033" elapsed="3.219478"/>
</kw>
<kw name="Wait Until Element Is Visible" owner="SeleniumLibrary">
<arg>xpath=//*[@id="btnOp1"]</arg>
<doc>Waits until the element ``locator`` is visible.</doc>
<status status="PASS" start="2024-11-02T09:32:19.696511" elapsed="0.011002"/>
</kw>
<kw name="Click Button" owner="SeleniumLibrary">
<msg time="2024-11-02T09:32:19.707513" level="INFO">Clicking button 'xpath=//*[@id="btnOp1"]'.</msg>
<arg>xpath=//*[@id="btnOp1"]</arg>
<doc>Clicks the button identified by ``locator``.</doc>
<status status="PASS" start="2024-11-02T09:32:19.707513" elapsed="0.044009"/>
</kw>
<for flavor="IN">
<iter>
<kw name="Wait Until Element Is Visible" owner="SeleniumLibrary">
<arg>xpath=//*[@id="nit"]</arg>
<doc>Waits until the element ``locator`` is visible.</doc>
<status status="PASS" start="2024-11-02T09:32:19.752523" elapsed="0.017004"/>
</kw>
<kw name="Input Text" owner="SeleniumLibrary">
<msg time="2024-11-02T09:32:19.770527" level="INFO">Typing text '19876543' into text field 'xpath=//*[@id="nit"]'.</msg>
<arg>xpath=//*[@id="nit"]</arg>
<arg>${person}[nit]</arg>
<doc>Types the given ``text`` into the text field identified by ``locator``.</doc>
<status status="PASS" start="2024-11-02T09:32:19.770527" elapsed="0.064015"/>
</kw>
<kw name="Sleep" owner="BuiltIn">
<msg time="2024-11-02T09:32:20.836329" level="INFO">Slept 1 second.</msg>
<arg>1s</arg>
<doc>Pauses the test executed for the given time.</doc>
<status status="PASS" start="2024-11-02T09:32:19.835542" elapsed="1.000787"/>
</kw>
<kw name="Click Button" owner="SeleniumLibrary">
<msg time="2024-11-02T09:32:20.836329" level="INFO">Clicking button 'xpath=//*[@id="btnSearch"]'.</msg>
<arg>xpath=//*[@id="btnSearch"]</arg>
<doc>Clicks the button identified by ``locator``.</doc>
<status status="PASS" start="2024-11-02T09:32:20.836329" elapsed="0.049144"/>
</kw>
<kw name="Wait Until Element Is Visible" owner="SeleniumLibrary">
<arg>xpath=//*[@id="searchError"]</arg>
<doc>Waits until the element ``locator`` is visible.</doc>
<status status="PASS" start="2024-11-02T09:32:20.886474" elapsed="0.014002"/>
</kw>
<kw name="Element Should Be Visible" owner="SeleniumLibrary">
<msg time="2024-11-02T09:32:20.907478" level="INFO">Element 'xpath=//*[@id="searchError"]' is displayed.</msg>
<arg>xpath=//*[@id="searchError"]</arg>
<doc>Verifies that the element identified by ``locator`` is visible.</doc>
<status status="PASS" start="2024-11-02T09:32:20.900476" elapsed="0.007002"/>
</kw>
<kw name="Sleep" owner="BuiltIn">
<msg time="2024-11-02T09:32:23.907746" level="INFO">Slept 3 seconds.</msg>
<arg>3s</arg>
<doc>Pauses the test executed for the given time.</doc>
<status status="PASS" start="2024-11-02T09:32:20.907478" elapsed="3.000268"/>
</kw>
<var name="${person}">{'id': 19, 'testCase': 'search', 'happy': False, 'nit': '19876543', 'firstName': None, 'middleName': None, 'lastName1': None, 'lastName2': None, 'birthdate': None, 'phoneNumber': None, 'email': None, ...</var>
<status status="PASS" start="2024-11-02T09:32:19.752523" elapsed="4.155223"/>
</iter>
<iter>
<kw name="Wait Until Element Is Visible" owner="SeleniumLibrary">
<arg>xpath=//*[@id="nit"]</arg>
<doc>Waits until the element ``locator`` is visible.</doc>
<status status="PASS" start="2024-11-02T09:32:23.907746" elapsed="0.009510"/>
</kw>
<kw name="Input Text" owner="SeleniumLibrary">
<msg time="2024-11-02T09:32:23.917256" level="INFO">Typing text '1000000000' into text field 'xpath=//*[@id="nit"]'.</msg>
<msg time="2024-11-02T09:32:28.008377" level="WARN">Retrying (Retry(total=2, connect=None, read=None, redirect=None, status=None)) after connection broken by 'NewConnectionError('&lt;urllib3.connection.HTTPConnection object at 0x0000025146D439B0&gt;: Failed to establish a new connection: [WinError 10061] No connection could be made because the target machine actively refused it')': /session/b67893ed681306bf0814169ced26b1e3/screenshot</msg>
<msg time="2024-11-02T09:32:32.059385" level="WARN">Retrying (Retry(total=1, connect=None, read=None, redirect=None, status=None)) after connection broken by 'NewConnectionError('&lt;urllib3.connection.HTTPConnection object at 0x0000025146D40DA0&gt;: Failed to establish a new connection: [WinError 10061] No connection could be made because the target machine actively refused it')': /session/b67893ed681306bf0814169ced26b1e3/screenshot</msg>
<msg time="2024-11-02T09:32:36.094451" level="WARN">Retrying (Retry(total=0, connect=None, read=None, redirect=None, status=None)) after connection broken by 'NewConnectionError('&lt;urllib3.connection.HTTPConnection object at 0x0000025146D51490&gt;: Failed to establish a new connection: [WinError 10061] No connection could be made because the target machine actively refused it')': /session/b67893ed681306bf0814169ced26b1e3/screenshot</msg>
<msg time="2024-11-02T09:32:40.140367" level="WARN">Keyword 'Capture Page Screenshot' could not be run on failure: HTTPConnectionPool(host='localhost', port=60050): Max retries exceeded with url: /session/b67893ed681306bf0814169ced26b1e3/screenshot (Caused by NewConnectionError('&lt;urllib3.connection.HTTPConnection object at 0x0000025146D503E0&gt;: Failed to establish a new connection: [WinError 10061] No connection could be made because the target machine actively refused it'))</msg>
<arg>xpath=//*[@id="nit"]</arg>
<arg>${person}[nit]</arg>
<doc>Types the given ``text`` into the text field identified by ``locator``.</doc>
<status status="FAIL" start="2024-11-02T09:32:23.917256" elapsed="16.224112">Execution terminated by signal</status>
</kw>
<kw name="Sleep" owner="BuiltIn">
<arg>1s</arg>
<doc>Pauses the test executed for the given time.</doc>
<status status="NOT RUN" start="2024-11-02T09:32:40.141368" elapsed="0.000000"/>
</kw>
<kw name="Click Button" owner="SeleniumLibrary">
<arg>xpath=//*[@id="btnSearch"]</arg>
<doc>Clicks the button identified by ``locator``.</doc>
<status status="NOT RUN" start="2024-11-02T09:32:40.141368" elapsed="0.000000"/>
</kw>
<kw name="Wait Until Element Is Visible" owner="SeleniumLibrary">
<arg>xpath=//*[@id="searchError"]</arg>
<doc>Waits until the element ``locator`` is visible.</doc>
<status status="NOT RUN" start="2024-11-02T09:32:40.141368" elapsed="0.000000"/>
</kw>
<kw name="Element Should Be Visible" owner="SeleniumLibrary">
<arg>xpath=//*[@id="searchError"]</arg>
<doc>Verifies that the element identified by ``locator`` is visible.</doc>
<status status="NOT RUN" start="2024-11-02T09:32:40.141368" elapsed="0.000000"/>
</kw>
<kw name="Sleep" owner="BuiltIn">
<arg>3s</arg>
<doc>Pauses the test executed for the given time.</doc>
<status status="NOT RUN" start="2024-11-02T09:32:40.141368" elapsed="0.000000"/>
</kw>
<var name="${person}">{'id': 20, 'testCase': 'search', 'happy': False, 'nit': '1000000000', 'firstName': None, 'middleName': None, 'lastName1': None, 'lastName2': None, 'birthdate': None, 'phoneNumber': None, 'email': None...</var>
<status status="FAIL" start="2024-11-02T09:32:23.907746" elapsed="16.233622">Execution terminated by signal</status>
</iter>
<var>${person}</var>
<value>@{people}</value>
<status status="FAIL" start="2024-11-02T09:32:19.752523" elapsed="20.388845">Execution terminated by signal</status>
</for>
<kw name="Close Browser" owner="SeleniumLibrary">
<doc>Closes the current browser.</doc>
<status status="NOT RUN" start="2024-11-02T09:32:40.142368" elapsed="0.000000"/>
</kw>
<status status="FAIL" start="2024-11-02T09:32:12.886073" elapsed="27.256295">Execution terminated by signal</status>
</test>
<test id="s1-t7" name="Actualizar usuarios con campos erroneos" line="214">
<tag>robot:exit</tag>
<status status="FAIL" start="2024-11-02T09:32:40.142368" elapsed="0.001000">Test execution stopped due to a fatal error.</status>
</test>
<kw name="Disconnect From Database" owner="DatabaseLibrary" type="TEARDOWN">
<doc>Disconnects from the database.</doc>
<status status="PASS" start="2024-11-02T09:32:40.144368" elapsed="0.000000"/>
</kw>
<doc>caso de prueba para buscar usuarios</doc>
<status status="FAIL" start="2024-11-02T09:28:53.308549" elapsed="226.835819"/>
</suite>
<statistics>
<total>
<stat pass="5" fail="2" skip="0">All Tests</stat>
</total>
<tag>
<stat pass="5" fail="1" skip="0" info="combined" combined="NOT robot:exit">NOT robot:exit</stat>
</tag>
<suite>
<stat pass="5" fail="2" skip="0" id="s1" name="Crud.Tests">Crud.Tests</stat>
</suite>
</statistics>
<errors>
<msg time="2024-11-02T09:32:28.008377" level="WARN">Retrying (Retry(total=2, connect=None, read=None, redirect=None, status=None)) after connection broken by 'NewConnectionError('&lt;urllib3.connection.HTTPConnection object at 0x0000025146D439B0&gt;: Failed to establish a new connection: [WinError 10061] No connection could be made because the target machine actively refused it')': /session/b67893ed681306bf0814169ced26b1e3/screenshot</msg>
<msg time="2024-11-02T09:32:32.059385" level="WARN">Retrying (Retry(total=1, connect=None, read=None, redirect=None, status=None)) after connection broken by 'NewConnectionError('&lt;urllib3.connection.HTTPConnection object at 0x0000025146D40DA0&gt;: Failed to establish a new connection: [WinError 10061] No connection could be made because the target machine actively refused it')': /session/b67893ed681306bf0814169ced26b1e3/screenshot</msg>
<msg time="2024-11-02T09:32:36.094451" level="WARN">Retrying (Retry(total=0, connect=None, read=None, redirect=None, status=None)) after connection broken by 'NewConnectionError('&lt;urllib3.connection.HTTPConnection object at 0x0000025146D51490&gt;: Failed to establish a new connection: [WinError 10061] No connection could be made because the target machine actively refused it')': /session/b67893ed681306bf0814169ced26b1e3/screenshot</msg>
<msg time="2024-11-02T09:32:40.140367" level="WARN">Keyword 'Capture Page Screenshot' could not be run on failure: HTTPConnectionPool(host='localhost', port=60050): Max retries exceeded with url: /session/b67893ed681306bf0814169ced26b1e3/screenshot (Caused by NewConnectionError('&lt;urllib3.connection.HTTPConnection object at 0x0000025146D503E0&gt;: Failed to establish a new connection: [WinError 10061] No connection could be made because the target machine actively refused it'))</msg>
</errors>
</robot>
